646  [main] INFO  util.ResourceLoader -- reading resources from location: 
692  [main] ERROR util.JsonUtil -- unable to read test data file 
com.fasterxml.jackson.core.JsonParseException: Unrecognized token 'tests': was expecting (JSON String, Number, Array, Object or token 'null', 'true' or 'false')
 at [Source: REDACTED (`StreamReadFeature.INCLUDE_SOURCE_IN_LOCATION` disabled); line: 1, column: 7]
	at com.fasterxml.jackson.core.JsonParser._constructError(JsonParser.java:2584)
	at com.fasterxml.jackson.core.JsonParser._constructReadException(JsonParser.java:2610)
	at com.fasterxml.jackson.core.JsonParser._constructReadException(JsonParser.java:2618)
	at com.fasterxml.jackson.core.base.ParserMinimalBase._reportError(ParserMinimalBase.java:825)
	at com.fasterxml.jackson.core.json.UTF8StreamJsonParser._reportInvalidToken(UTF8StreamJsonParser.java:3662)
	at com.fasterxml.jackson.core.json.UTF8StreamJsonParser._reportInvalidToken(UTF8StreamJsonParser.java:3635)
	at com.fasterxml.jackson.core.json.UTF8StreamJsonParser._matchToken2(UTF8StreamJsonParser.java:2976)
	at com.fasterxml.jackson.core.json.UTF8StreamJsonParser._matchTrue(UTF8StreamJsonParser.java:2910)
	at com.fasterxml.jackson.core.json.UTF8StreamJsonParser._nextTokenNotInObject(UTF8StreamJsonParser.java:838)
	at com.fasterxml.jackson.core.json.UTF8StreamJsonParser.nextToken(UTF8StreamJsonParser.java:753)
	at com.fasterxml.jackson.databind.ObjectMapper._initForReading(ObjectMapper.java:5004)
	at com.fasterxml.jackson.databind.ObjectMapper._readMapAndClose(ObjectMapper.java:4910)
	at com.fasterxml.jackson.databind.ObjectMapper.readValue(ObjectMapper.java:3897)
	at util.JsonUtil.getTestdata(JsonUtil.java:19)
	at util.demo.main(demo.java:18)
468  [main] INFO  util.ResourceLoader -- reading resources from location: 
513  [main] ERROR util.JsonUtil -- unable to read test data file 
com.fasterxml.jackson.core.JsonParseException: Unrecognized token 'tests': was expecting (JSON String, Number, Array, Object or token 'null', 'true' or 'false')
 at [Source: REDACTED (`StreamReadFeature.INCLUDE_SOURCE_IN_LOCATION` disabled); line: 1, column: 7]
	at com.fasterxml.jackson.core.JsonParser._constructError(JsonParser.java:2584)
	at com.fasterxml.jackson.core.JsonParser._constructReadException(JsonParser.java:2610)
	at com.fasterxml.jackson.core.JsonParser._constructReadException(JsonParser.java:2618)
	at com.fasterxml.jackson.core.base.ParserMinimalBase._reportError(ParserMinimalBase.java:825)
	at com.fasterxml.jackson.core.json.UTF8StreamJsonParser._reportInvalidToken(UTF8StreamJsonParser.java:3662)
	at com.fasterxml.jackson.core.json.UTF8StreamJsonParser._reportInvalidToken(UTF8StreamJsonParser.java:3635)
	at com.fasterxml.jackson.core.json.UTF8StreamJsonParser._matchToken2(UTF8StreamJsonParser.java:2976)
	at com.fasterxml.jackson.core.json.UTF8StreamJsonParser._matchTrue(UTF8StreamJsonParser.java:2910)
	at com.fasterxml.jackson.core.json.UTF8StreamJsonParser._nextTokenNotInObject(UTF8StreamJsonParser.java:838)
	at com.fasterxml.jackson.core.json.UTF8StreamJsonParser.nextToken(UTF8StreamJsonParser.java:753)
	at com.fasterxml.jackson.databind.ObjectMapper._initForReading(ObjectMapper.java:5004)
	at com.fasterxml.jackson.databind.ObjectMapper._readMapAndClose(ObjectMapper.java:4910)
	at com.fasterxml.jackson.databind.ObjectMapper.readValue(ObjectMapper.java:3897)
	at util.JsonUtil.getTestdata(JsonUtil.java:19)
	at util.demo.main(demo.java:18)
485  [main] INFO  util.ResourceLoader -- reading resources from location: Vendor-portal/sam.json
485  [main] ERROR util.JsonUtil -- unable to read test data file Vendor-portal/sam.json
java.nio.file.NoSuchFileException: Vendor-portal\sam.json
	at java.base/sun.nio.fs.WindowsException.translateToIOException(WindowsException.java:85)
	at java.base/sun.nio.fs.WindowsException.rethrowAsIOException(WindowsException.java:103)
	at java.base/sun.nio.fs.WindowsException.rethrowAsIOException(WindowsException.java:108)
	at java.base/sun.nio.fs.WindowsFileSystemProvider.newByteChannel(WindowsFileSystemProvider.java:234)
	at java.base/java.nio.file.Files.newByteChannel(Files.java:380)
	at java.base/java.nio.file.Files.newByteChannel(Files.java:432)
	at java.base/java.nio.file.spi.FileSystemProvider.newInputStream(FileSystemProvider.java:420)
	at java.base/java.nio.file.Files.newInputStream(Files.java:160)
	at util.ResourceLoader.getresources(ResourceLoader.java:21)
	at util.JsonUtil.getTestdata(JsonUtil.java:17)
	at util.demo.main(demo.java:18)
480  [main] INFO  util.ResourceLoader -- reading resources from location: test-data/Vendor-portal/sam.json
453  [main] INFO  util.ResourceLoader -- reading resources from location: test-data/Vendor-portal/sam.json
791  [main] INFO  org.testng.internal.Utils -- [TestNG] Running:
  C:\Users\Aisha.Saif\Documents\cucumber projects (1)\selenium project\untitled\src\main\resources\test-suites\FlightReservationTest.xml

2349 [TestNG-tests-2] INFO  i.g.bonigarcia.wdm.WebDriverManager -- Using chromedriver 137.0.7151.70 (resolved driver for Chrome 137)
2349 [TestNG-tests-1] INFO  i.g.bonigarcia.wdm.WebDriverManager -- Using chromedriver 137.0.7151.70 (resolved driver for Chrome 137)
2349 [TestNG-tests-3] INFO  i.g.bonigarcia.wdm.WebDriverManager -- Using chromedriver 137.0.7151.70 (resolved driver for Chrome 137)
2349 [TestNG-tests-4] INFO  i.g.bonigarcia.wdm.WebDriverManager -- Using chromedriver 137.0.7151.70 (resolved driver for Chrome 137)
2378 [TestNG-tests-2] INFO  i.g.bonigarcia.wdm.WebDriverManager -- Exporting webdriver.chrome.driver as C:\Users\Aisha.Saif\.cache\selenium\chromedriver\win64\137.0.7151.70\chromedriver.exe
2379 [TestNG-tests-1] INFO  i.g.bonigarcia.wdm.WebDriverManager -- Exporting webdriver.chrome.driver as C:\Users\Aisha.Saif\.cache\selenium\chromedriver\win64\137.0.7151.70\chromedriver.exe
2379 [TestNG-tests-3] INFO  i.g.bonigarcia.wdm.WebDriverManager -- Exporting webdriver.chrome.driver as C:\Users\Aisha.Saif\.cache\selenium\chromedriver\win64\137.0.7151.70\chromedriver.exe
2379 [TestNG-tests-4] INFO  i.g.bonigarcia.wdm.WebDriverManager -- Exporting webdriver.chrome.driver as C:\Users\Aisha.Saif\.cache\selenium\chromedriver\win64\137.0.7151.70\chromedriver.exe
10938 [TestNG-tests-1] INFO  t.F.FlightReservationTest -- noofpassengers
13548 [TestNG-tests-2] INFO  t.F.FlightReservationTest -- noofpassengers
13564 [TestNG-tests-3] INFO  t.F.FlightReservationTest -- noofpassengers
14085 [TestNG-tests-4] INFO  t.F.FlightReservationTest -- noofpassengers
15020 [TestNG-tests-1] ERROR FlightReservation.AbstractPage -- this is something
17651 [TestNG-tests-4] ERROR FlightReservation.AbstractPage -- this is something
17688 [TestNG-tests-2] ERROR FlightReservation.AbstractPage -- this is something
18171 [TestNG-tests-3] ERROR FlightReservation.AbstractPage -- this is something
667  [main] INFO  org.testng.internal.Utils -- [TestNG] Running:
  C:\Users\Aisha.Saif\AppData\Local\JetBrains\IdeaIC2024.3\temp-testng-customsuite.xml

1943 [main] INFO  i.g.bonigarcia.wdm.WebDriverManager -- Using chromedriver 137.0.7151.70 (resolved driver for Chrome 137)
1970 [main] INFO  i.g.bonigarcia.wdm.WebDriverManager -- Exporting webdriver.chrome.driver as C:\Users\Aisha.Saif\.cache\selenium\chromedriver\win64\137.0.7151.70\chromedriver.exe
668  [main] INFO  org.testng.internal.Utils -- [TestNG] Running:
  C:\Users\Aisha.Saif\AppData\Local\JetBrains\IdeaIC2024.3\temp-testng-customsuite.xml

1113 [main] INFO  i.g.bonigarcia.wdm.WebDriverManager -- Using chromedriver 137.0.7151.70 (resolved driver for Chrome 137)
1137 [main] INFO  i.g.bonigarcia.wdm.WebDriverManager -- Exporting webdriver.chrome.driver as C:\Users\Aisha.Saif\.cache\selenium\chromedriver\win64\137.0.7151.70\chromedriver.exe
1106 [main] INFO  org.testng.internal.Utils -- [TestNG] Running:
  C:\Users\Aisha.Saif\Documents\cucumber projects (1)\selenium project\untitled\src\main\resources\test-suites\FlightReservationTest.xml

1893 [TestNG-tests-2] INFO  i.g.bonigarcia.wdm.WebDriverManager -- Using chromedriver 137.0.7151.70 (resolved driver for Chrome 137)
1893 [TestNG-tests-4] INFO  i.g.bonigarcia.wdm.WebDriverManager -- Using chromedriver 137.0.7151.70 (resolved driver for Chrome 137)
1893 [TestNG-tests-3] INFO  i.g.bonigarcia.wdm.WebDriverManager -- Using chromedriver 137.0.7151.70 (resolved driver for Chrome 137)
1893 [TestNG-tests-1] INFO  i.g.bonigarcia.wdm.WebDriverManager -- Using chromedriver 137.0.7151.70 (resolved driver for Chrome 137)
1936 [TestNG-tests-3] INFO  i.g.bonigarcia.wdm.WebDriverManager -- Exporting webdriver.chrome.driver as C:\Users\Aisha.Saif\.cache\selenium\chromedriver\win64\137.0.7151.70\chromedriver.exe
1936 [TestNG-tests-4] INFO  i.g.bonigarcia.wdm.WebDriverManager -- Exporting webdriver.chrome.driver as C:\Users\Aisha.Saif\.cache\selenium\chromedriver\win64\137.0.7151.70\chromedriver.exe
1936 [TestNG-tests-1] INFO  i.g.bonigarcia.wdm.WebDriverManager -- Exporting webdriver.chrome.driver as C:\Users\Aisha.Saif\.cache\selenium\chromedriver\win64\137.0.7151.70\chromedriver.exe
1936 [TestNG-tests-2] INFO  i.g.bonigarcia.wdm.WebDriverManager -- Exporting webdriver.chrome.driver as C:\Users\Aisha.Saif\.cache\selenium\chromedriver\win64\137.0.7151.70\chromedriver.exe
13007 [TestNG-tests-2] INFO  t.F.FlightReservationTest -- noofpassengers
637  [main] INFO  util.ResourceLoader -- reading resources from location: test-data/Vendor-portal/sam.json
726  [main] INFO  org.testng.internal.Utils -- [TestNG] Running:
  C:\Users\Aisha.Saif\AppData\Local\JetBrains\IdeaIC2024.3\temp-testng-customsuite.xml

1211 [main] INFO  i.g.bonigarcia.wdm.WebDriverManager -- Using chromedriver 137.0.7151.70 (resolved driver for Chrome 137)
1238 [main] INFO  i.g.bonigarcia.wdm.WebDriverManager -- Exporting webdriver.chrome.driver as C:\Users\Aisha.Saif\.cache\selenium\chromedriver\win64\137.0.7151.70\chromedriver.exe
740  [main] INFO  org.testng.internal.Utils -- [TestNG] Running:
  C:\Users\Aisha.Saif\Documents\cucumber projects (1)\selenium project\untitled\src\main\resources\test-suites\Vendor-portal.xml

2418 [TestNG-tests-1] INFO  i.g.bonigarcia.wdm.WebDriverManager -- Using chromedriver 137.0.7151.70 (resolved driver for Chrome 137)
2432 [TestNG-tests-1] INFO  i.g.bonigarcia.wdm.WebDriverManager -- Exporting webdriver.chrome.driver as C:\Users\Aisha.Saif\.cache\selenium\chromedriver\win64\137.0.7151.70\chromedriver.exe
6346 [TestNG-tests-1] INFO  i.g.bonigarcia.wdm.WebDriverManager -- Using chromedriver 137.0.7151.70 (resolved driver for Chrome 137)
6354 [TestNG-tests-1] INFO  i.g.bonigarcia.wdm.WebDriverManager -- Exporting webdriver.chrome.driver as C:\Users\Aisha.Saif\.cache\selenium\chromedriver\win64\137.0.7151.70\chromedriver.exe
9663 [TestNG-tests-1] INFO  i.g.bonigarcia.wdm.WebDriverManager -- Using chromedriver 137.0.7151.70 (resolved driver for Chrome 137)
9669 [TestNG-tests-1] INFO  i.g.bonigarcia.wdm.WebDriverManager -- Exporting webdriver.chrome.driver as C:\Users\Aisha.Saif\.cache\selenium\chromedriver\win64\137.0.7151.70\chromedriver.exe
823  [main] INFO  org.testng.internal.Utils -- [TestNG] Running:
  C:\Users\Aisha.Saif\Documents\cucumber projects (1)\selenium project\untitled\src\main\resources\test-suites\Vendor-portal.xml

1317 [TestNG-tests-1] INFO  i.g.bonigarcia.wdm.WebDriverManager -- Using chromedriver 137.0.7151.70 (resolved driver for Chrome 137)
1337 [TestNG-tests-1] INFO  i.g.bonigarcia.wdm.WebDriverManager -- Exporting webdriver.chrome.driver as C:\Users\Aisha.Saif\.cache\selenium\chromedriver\win64\137.0.7151.70\chromedriver.exe
6019 [TestNG-tests-1] INFO  i.g.bonigarcia.wdm.WebDriverManager -- Using chromedriver 137.0.7151.70 (resolved driver for Chrome 137)
6024 [TestNG-tests-1] INFO  i.g.bonigarcia.wdm.WebDriverManager -- Exporting webdriver.chrome.driver as C:\Users\Aisha.Saif\.cache\selenium\chromedriver\win64\137.0.7151.70\chromedriver.exe
10228 [TestNG-tests-1] INFO  i.g.bonigarcia.wdm.WebDriverManager -- Using chromedriver 137.0.7151.70 (resolved driver for Chrome 137)
10233 [TestNG-tests-1] INFO  i.g.bonigarcia.wdm.WebDriverManager -- Exporting webdriver.chrome.driver as C:\Users\Aisha.Saif\.cache\selenium\chromedriver\win64\137.0.7151.70\chromedriver.exe
714  [main] INFO  org.testng.internal.Utils -- [TestNG] Running:
  C:\Users\Aisha.Saif\Documents\cucumber projects (1)\selenium project\untitled\src\main\resources\test-suites\Vendor-portal.xml

1162 [TestNG-tests-1] INFO  i.g.bonigarcia.wdm.WebDriverManager -- Using chromedriver 137.0.7151.70 (resolved driver for Chrome 137)
1193 [TestNG-tests-1] INFO  i.g.bonigarcia.wdm.WebDriverManager -- Exporting webdriver.chrome.driver as C:\Users\Aisha.Saif\.cache\selenium\chromedriver\win64\137.0.7151.70\chromedriver.exe
5368 [TestNG-tests-1] INFO  i.g.bonigarcia.wdm.WebDriverManager -- Using chromedriver 137.0.7151.70 (resolved driver for Chrome 137)
5380 [TestNG-tests-1] INFO  i.g.bonigarcia.wdm.WebDriverManager -- Exporting webdriver.chrome.driver as C:\Users\Aisha.Saif\.cache\selenium\chromedriver\win64\137.0.7151.70\chromedriver.exe
9524 [TestNG-tests-1] INFO  i.g.bonigarcia.wdm.WebDriverManager -- Using chromedriver 137.0.7151.70 (resolved driver for Chrome 137)
9530 [TestNG-tests-1] INFO  i.g.bonigarcia.wdm.WebDriverManager -- Exporting webdriver.chrome.driver as C:\Users\Aisha.Saif\.cache\selenium\chromedriver\win64\137.0.7151.70\chromedriver.exe
652  [main] INFO  org.testng.internal.Utils -- [TestNG] Running:
  C:\Users\Aisha.Saif\AppData\Local\JetBrains\IdeaIC2024.3\temp-testng-customsuite.xml

1063 [main] INFO  i.g.bonigarcia.wdm.WebDriverManager -- Using chromedriver 137.0.7151.70 (resolved driver for Chrome 137)
1085 [main] INFO  i.g.bonigarcia.wdm.WebDriverManager -- Exporting webdriver.chrome.driver as C:\Users\Aisha.Saif\.cache\selenium\chromedriver\win64\137.0.7151.70\chromedriver.exe
731  [main] INFO  org.testng.internal.Utils -- [TestNG] Running:
  C:\Users\Aisha.Saif\AppData\Local\JetBrains\IdeaIC2024.3\temp-testng-customsuite.xml

1163 [main] INFO  i.g.bonigarcia.wdm.WebDriverManager -- Using chromedriver 137.0.7151.70 (resolved driver for Chrome 137)
1175 [main] INFO  i.g.bonigarcia.wdm.WebDriverManager -- Exporting webdriver.chrome.driver as C:\Users\Aisha.Saif\.cache\selenium\chromedriver\win64\137.0.7151.70\chromedriver.exe
684  [main] INFO  org.testng.internal.Utils -- [TestNG] Running:
  C:\Users\Aisha.Saif\Documents\cucumber projects (1)\selenium project\untitled\src\main\resources\test-suites\Vendor-portal.xml

1173 [TestNG-tests-1] INFO  i.g.bonigarcia.wdm.WebDriverManager -- Using chromedriver 137.0.7151.70 (resolved driver for Chrome 137)
1190 [TestNG-tests-1] INFO  i.g.bonigarcia.wdm.WebDriverManager -- Exporting webdriver.chrome.driver as C:\Users\Aisha.Saif\.cache\selenium\chromedriver\win64\137.0.7151.70\chromedriver.exe
2613 [TestNG-tests-1] INFO  i.g.bonigarcia.wdm.WebDriverManager -- Using chromedriver 137.0.7151.70 (resolved driver for Chrome 137)
2620 [TestNG-tests-1] INFO  i.g.bonigarcia.wdm.WebDriverManager -- Exporting webdriver.chrome.driver as C:\Users\Aisha.Saif\.cache\selenium\chromedriver\win64\137.0.7151.70\chromedriver.exe
6131 [TestNG-tests-1] INFO  i.g.bonigarcia.wdm.WebDriverManager -- Using chromedriver 137.0.7151.70 (resolved driver for Chrome 137)
6131 [TestNG-tests-1] INFO  i.g.bonigarcia.wdm.WebDriverManager -- Exporting webdriver.chrome.driver as C:\Users\Aisha.Saif\.cache\selenium\chromedriver\win64\137.0.7151.70\chromedriver.exe
679  [main] INFO  org.testng.internal.Utils -- [TestNG] Running:
  C:\Users\Aisha.Saif\Documents\cucumber projects (1)\selenium project\untitled\src\main\resources\test-suites\Vendor-portal.xml

1199 [TestNG-tests-1] INFO  i.g.bonigarcia.wdm.WebDriverManager -- Using chromedriver 137.0.7151.70 (resolved driver for Chrome 137)
1243 [TestNG-tests-1] INFO  i.g.bonigarcia.wdm.WebDriverManager -- Exporting webdriver.chrome.driver as C:\Users\Aisha.Saif\.cache\selenium\chromedriver\win64\137.0.7151.70\chromedriver.exe
731  [main] INFO  org.testng.internal.Utils -- [TestNG] Running:
  C:\Users\Aisha.Saif\Documents\cucumber projects (1)\selenium project\untitled\src\main\resources\test-suites\Vendor-portal.xml

1206 [TestNG-tests-1] INFO  i.g.bonigarcia.wdm.WebDriverManager -- Using chromedriver 137.0.7151.70 (resolved driver for Chrome 137)
1228 [TestNG-tests-1] INFO  i.g.bonigarcia.wdm.WebDriverManager -- Exporting webdriver.chrome.driver as C:\Users\Aisha.Saif\.cache\selenium\chromedriver\win64\137.0.7151.70\chromedriver.exe
725  [main] INFO  org.testng.internal.Utils -- [TestNG] Running:
  C:\Users\Aisha.Saif\Documents\cucumber projects (1)\selenium project\untitled\src\main\resources\test-suites\Vendor-portal.xml

1198 [TestNG-tests-1] INFO  i.g.bonigarcia.wdm.WebDriverManager -- Using chromedriver 137.0.7151.70 (resolved driver for Chrome 137)
1222 [TestNG-tests-1] INFO  i.g.bonigarcia.wdm.WebDriverManager -- Exporting webdriver.chrome.driver as C:\Users\Aisha.Saif\.cache\selenium\chromedriver\win64\137.0.7151.70\chromedriver.exe
2595 [TestNG-tests-1] INFO  util.ResourceLoader -- reading resources from location: test-data/Vendor-portal/sam.json
5258 [TestNG-tests-1] INFO  tests.Abstarcttest -- sam
7923 [TestNG-tests-1] INFO  FlightReservation.AbstractPage -- Results count: 8
723  [main] INFO  org.testng.internal.Utils -- [TestNG] Running:
  C:\Users\Aisha.Saif\Documents\cucumber projects (1)\selenium project\untitled\src\main\resources\test-suites\Vendor-portal.xml

1241 [TestNG-tests-1] INFO  i.g.bonigarcia.wdm.WebDriverManager -- Using chromedriver 137.0.7151.70 (resolved driver for Chrome 137)
1241 [TestNG-tests-2] INFO  i.g.bonigarcia.wdm.WebDriverManager -- Using chromedriver 137.0.7151.70 (resolved driver for Chrome 137)
1241 [TestNG-tests-3] INFO  i.g.bonigarcia.wdm.WebDriverManager -- Using chromedriver 137.0.7151.70 (resolved driver for Chrome 137)
1265 [TestNG-tests-2] INFO  i.g.bonigarcia.wdm.WebDriverManager -- Exporting webdriver.chrome.driver as C:\Users\Aisha.Saif\.cache\selenium\chromedriver\win64\137.0.7151.70\chromedriver.exe
1265 [TestNG-tests-1] INFO  i.g.bonigarcia.wdm.WebDriverManager -- Exporting webdriver.chrome.driver as C:\Users\Aisha.Saif\.cache\selenium\chromedriver\win64\137.0.7151.70\chromedriver.exe
1265 [TestNG-tests-3] INFO  i.g.bonigarcia.wdm.WebDriverManager -- Exporting webdriver.chrome.driver as C:\Users\Aisha.Saif\.cache\selenium\chromedriver\win64\137.0.7151.70\chromedriver.exe
3427 [TestNG-tests-2] INFO  util.ResourceLoader -- reading resources from location: test-data/Vendor-portal/mike.json
3427 [TestNG-tests-1] INFO  util.ResourceLoader -- reading resources from location: test-data/Vendor-portal/sam.json
3427 [TestNG-tests-3] INFO  util.ResourceLoader -- reading resources from location: test-data/Vendor-portal/john.json
6101 [TestNG-tests-1] INFO  tests.Abstarcttest -- sam
6104 [TestNG-tests-3] INFO  tests.Abstarcttest -- john
6111 [TestNG-tests-2] INFO  tests.Abstarcttest -- mike
9123 [TestNG-tests-1] INFO  FlightReservation.AbstractPage -- Results count: 8
9126 [TestNG-tests-3] INFO  FlightReservation.AbstractPage -- Results count: 0
680  [main] INFO  org.testng.internal.Utils -- [TestNG] Running:
  C:\Users\Aisha.Saif\Documents\cucumber projects (1)\selenium project\untitled\src\main\resources\test-suites\Vendor-portal.xml

1226 [TestNG-tests-2] INFO  i.g.bonigarcia.wdm.WebDriverManager -- Using chromedriver 137.0.7151.70 (resolved driver for Chrome 137)
1226 [TestNG-tests-3] INFO  i.g.bonigarcia.wdm.WebDriverManager -- Using chromedriver 137.0.7151.70 (resolved driver for Chrome 137)
1226 [TestNG-tests-1] INFO  i.g.bonigarcia.wdm.WebDriverManager -- Using chromedriver 137.0.7151.70 (resolved driver for Chrome 137)
1254 [TestNG-tests-2] INFO  i.g.bonigarcia.wdm.WebDriverManager -- Exporting webdriver.chrome.driver as C:\Users\Aisha.Saif\.cache\selenium\chromedriver\win64\137.0.7151.70\chromedriver.exe
1254 [TestNG-tests-3] INFO  i.g.bonigarcia.wdm.WebDriverManager -- Exporting webdriver.chrome.driver as C:\Users\Aisha.Saif\.cache\selenium\chromedriver\win64\137.0.7151.70\chromedriver.exe
1254 [TestNG-tests-1] INFO  i.g.bonigarcia.wdm.WebDriverManager -- Exporting webdriver.chrome.driver as C:\Users\Aisha.Saif\.cache\selenium\chromedriver\win64\137.0.7151.70\chromedriver.exe
3295 [TestNG-tests-1] INFO  util.ResourceLoader -- reading resources from location: test-data/Vendor-portal/sam.json
3295 [TestNG-tests-2] INFO  util.ResourceLoader -- reading resources from location: test-data/Vendor-portal/mike.json
3295 [TestNG-tests-3] INFO  util.ResourceLoader -- reading resources from location: test-data/Vendor-portal/john.json
5715 [TestNG-tests-1] INFO  tests.Abstarcttest -- sam
5744 [TestNG-tests-2] INFO  tests.Abstarcttest -- mike
5756 [TestNG-tests-3] INFO  tests.Abstarcttest -- john
8301 [TestNG-tests-2] INFO  FlightReservation.AbstractPage -- Results count: 10
8792 [TestNG-tests-1] INFO  FlightReservation.AbstractPage -- Results count: 8
9200 [TestNG-tests-3] INFO  FlightReservation.AbstractPage -- Results count: 0
804  [main] INFO  org.testng.internal.Utils -- [TestNG] Running:
  C:\Users\Aisha.Saif\AppData\Local\JetBrains\IdeaIC2024.3\temp-testng-customsuite.xml

1997 [main] INFO  i.g.bonigarcia.wdm.WebDriverManager -- Using chromedriver 137.0.7151.70 (resolved driver for Chrome 137)
2026 [main] INFO  i.g.bonigarcia.wdm.WebDriverManager -- Exporting webdriver.chrome.driver as C:\Users\Aisha.Saif\.cache\selenium\chromedriver\win64\137.0.7151.70\chromedriver.exe
735  [main] INFO  org.testng.internal.Utils -- [TestNG] Running:
  C:\Users\Aisha.Saif\AppData\Local\JetBrains\IdeaIC2024.3\temp-testng-customsuite.xml

1266 [main] INFO  i.g.bonigarcia.wdm.WebDriverManager -- Using chromedriver 137.0.7151.70 (resolved driver for Chrome 137)
1295 [main] INFO  i.g.bonigarcia.wdm.WebDriverManager -- Exporting webdriver.chrome.driver as C:\Users\Aisha.Saif\.cache\selenium\chromedriver\win64\137.0.7151.70\chromedriver.exe
768  [main] INFO  org.testng.internal.Utils -- [TestNG] Running:
  C:\Users\Aisha.Saif\Documents\cucumber projects (1)\selenium project\untitled\src\main\resources\test-suites\FlightReservationTest.xml

1495 [TestNG-tests-1] INFO  i.g.bonigarcia.wdm.WebDriverManager -- Using chromedriver 137.0.7151.70 (resolved driver for Chrome 137)
1495 [TestNG-tests-4] INFO  i.g.bonigarcia.wdm.WebDriverManager -- Using chromedriver 137.0.7151.70 (resolved driver for Chrome 137)
1495 [TestNG-tests-2] INFO  i.g.bonigarcia.wdm.WebDriverManager -- Using chromedriver 137.0.7151.70 (resolved driver for Chrome 137)
1496 [TestNG-tests-3] INFO  i.g.bonigarcia.wdm.WebDriverManager -- Using chromedriver 137.0.7151.70 (resolved driver for Chrome 137)
1528 [TestNG-tests-4] INFO  i.g.bonigarcia.wdm.WebDriverManager -- Exporting webdriver.chrome.driver as C:\Users\Aisha.Saif\.cache\selenium\chromedriver\win64\137.0.7151.70\chromedriver.exe
1528 [TestNG-tests-2] INFO  i.g.bonigarcia.wdm.WebDriverManager -- Exporting webdriver.chrome.driver as C:\Users\Aisha.Saif\.cache\selenium\chromedriver\win64\137.0.7151.70\chromedriver.exe
1528 [TestNG-tests-1] INFO  i.g.bonigarcia.wdm.WebDriverManager -- Exporting webdriver.chrome.driver as C:\Users\Aisha.Saif\.cache\selenium\chromedriver\win64\137.0.7151.70\chromedriver.exe
1528 [TestNG-tests-3] INFO  i.g.bonigarcia.wdm.WebDriverManager -- Exporting webdriver.chrome.driver as C:\Users\Aisha.Saif\.cache\selenium\chromedriver\win64\137.0.7151.70\chromedriver.exe
3889 [TestNG-tests-1] INFO  util.ResourceLoader -- reading resources from location: test-data/flightreservation/passenger-1.json
3889 [TestNG-tests-4] INFO  util.ResourceLoader -- reading resources from location: test-data/flightreservation/passenger-4.json
3889 [TestNG-tests-2] INFO  util.ResourceLoader -- reading resources from location: test-data/flightreservation/passenger-2.json
3889 [TestNG-tests-3] INFO  util.ResourceLoader -- reading resources from location: test-data/flightreservation/passenger-3.json
3892 [TestNG-tests-3] ERROR util.JsonUtil -- unable to read test data file test-data/flightreservation/passenger-3.json
java.nio.file.NoSuchFileException: test-data\flightreservation\passenger-3.json
	at java.base/sun.nio.fs.WindowsException.translateToIOException(WindowsException.java:85)
	at java.base/sun.nio.fs.WindowsException.rethrowAsIOException(WindowsException.java:103)
	at java.base/sun.nio.fs.WindowsException.rethrowAsIOException(WindowsException.java:108)
	at java.base/sun.nio.fs.WindowsFileSystemProvider.newByteChannel(WindowsFileSystemProvider.java:234)
	at java.base/java.nio.file.Files.newByteChannel(Files.java:380)
	at java.base/java.nio.file.Files.newByteChannel(Files.java:432)
	at java.base/java.nio.file.spi.FileSystemProvider.newInputStream(FileSystemProvider.java:420)
	at java.base/java.nio.file.Files.newInputStream(Files.java:160)
	at util.ResourceLoader.getresources(ResourceLoader.java:21)
	at util.JsonUtil.getTestdata(JsonUtil.java:18)
	at tests.FlightReservationtest.FlightReservationTest.Setparameter(FlightReservationTest.java:28)
	at java.base/jdk.internal.reflect.DirectMethodHandleAccessor.invoke(DirectMethodHandleAccessor.java:103)
	at java.base/java.lang.reflect.Method.invoke(Method.java:580)
	at org.testng.internal.invokers.MethodInvocationHelper.invokeMethod(MethodInvocationHelper.java:141)
	at org.testng.internal.invokers.MethodInvocationHelper.invokeMethodConsideringTimeout(MethodInvocationHelper.java:71)
	at org.testng.internal.invokers.ConfigInvoker.invokeConfigurationMethod(ConfigInvoker.java:400)
	at org.testng.internal.invokers.ConfigInvoker.invokeConfigurations(ConfigInvoker.java:333)
	at org.testng.TestRunner.invokeTestConfigurations(TestRunner.java:655)
	at org.testng.TestRunner.beforeRun(TestRunner.java:644)
	at org.testng.TestRunner.run(TestRunner.java:610)
	at org.testng.SuiteRunner.runTest(SuiteRunner.java:421)
	at org.testng.SuiteRunner$SuiteWorker.run(SuiteRunner.java:463)
	at org.testng.internal.thread.ThreadUtil.lambda$execute$0(ThreadUtil.java:64)
	at java.base/java.util.concurrent.FutureTask.run$$$capture(FutureTask.java:317)
	at java.base/java.util.concurrent.FutureTask.run(FutureTask.java)
	at java.base/java.util.concurrent.ThreadPoolExecutor.runWorker(ThreadPoolExecutor.java:1144)
	at java.base/java.util.concurrent.ThreadPoolExecutor$Worker.run(ThreadPoolExecutor.java:642)
	at java.base/java.lang.Thread.run(Thread.java:1575)
3892 [TestNG-tests-4] ERROR util.JsonUtil -- unable to read test data file test-data/flightreservation/passenger-4.json
java.nio.file.NoSuchFileException: test-data\flightreservation\passenger-4.json
	at java.base/sun.nio.fs.WindowsException.translateToIOException(WindowsException.java:85)
	at java.base/sun.nio.fs.WindowsException.rethrowAsIOException(WindowsException.java:103)
	at java.base/sun.nio.fs.WindowsException.rethrowAsIOException(WindowsException.java:108)
	at java.base/sun.nio.fs.WindowsFileSystemProvider.newByteChannel(WindowsFileSystemProvider.java:234)
	at java.base/java.nio.file.Files.newByteChannel(Files.java:380)
	at java.base/java.nio.file.Files.newByteChannel(Files.java:432)
	at java.base/java.nio.file.spi.FileSystemProvider.newInputStream(FileSystemProvider.java:420)
	at java.base/java.nio.file.Files.newInputStream(Files.java:160)
	at util.ResourceLoader.getresources(ResourceLoader.java:21)
	at util.JsonUtil.getTestdata(JsonUtil.java:18)
	at tests.FlightReservationtest.FlightReservationTest.Setparameter(FlightReservationTest.java:28)
	at java.base/jdk.internal.reflect.DirectMethodHandleAccessor.invoke(DirectMethodHandleAccessor.java:103)
	at java.base/java.lang.reflect.Method.invoke(Method.java:580)
	at org.testng.internal.invokers.MethodInvocationHelper.invokeMethod(MethodInvocationHelper.java:141)
	at org.testng.internal.invokers.MethodInvocationHelper.invokeMethodConsideringTimeout(MethodInvocationHelper.java:71)
	at org.testng.internal.invokers.ConfigInvoker.invokeConfigurationMethod(ConfigInvoker.java:400)
	at org.testng.internal.invokers.ConfigInvoker.invokeConfigurations(ConfigInvoker.java:333)
	at org.testng.TestRunner.invokeTestConfigurations(TestRunner.java:655)
	at org.testng.TestRunner.beforeRun(TestRunner.java:644)
	at org.testng.TestRunner.run(TestRunner.java:610)
	at org.testng.SuiteRunner.runTest(SuiteRunner.java:421)
	at org.testng.SuiteRunner$SuiteWorker.run(SuiteRunner.java:463)
	at org.testng.internal.thread.ThreadUtil.lambda$execute$0(ThreadUtil.java:64)
	at java.base/java.util.concurrent.FutureTask.run$$$capture(FutureTask.java:317)
	at java.base/java.util.concurrent.FutureTask.run(FutureTask.java)
	at java.base/java.util.concurrent.ThreadPoolExecutor.runWorker(ThreadPoolExecutor.java:1144)
	at java.base/java.util.concurrent.ThreadPoolExecutor$Worker.run(ThreadPoolExecutor.java:642)
	at java.base/java.lang.Thread.run(Thread.java:1575)
12014 [TestNG-tests-2] INFO  t.F.FlightReservationTest -- noofpassengers
12805 [TestNG-tests-1] INFO  t.F.FlightReservationTest -- noofpassengers
851  [main] INFO  org.testng.internal.Utils -- [TestNG] Running:
  C:\Users\Aisha.Saif\Documents\cucumber projects (1)\selenium project\untitled\src\main\resources\test-suites\FlightReservationTest.xml

1524 [TestNG-tests-1] INFO  i.g.bonigarcia.wdm.WebDriverManager -- Using chromedriver 137.0.7151.70 (resolved driver for Chrome 137)
1524 [TestNG-tests-4] INFO  i.g.bonigarcia.wdm.WebDriverManager -- Using chromedriver 137.0.7151.70 (resolved driver for Chrome 137)
1524 [TestNG-tests-3] INFO  i.g.bonigarcia.wdm.WebDriverManager -- Using chromedriver 137.0.7151.70 (resolved driver for Chrome 137)
1524 [TestNG-tests-2] INFO  i.g.bonigarcia.wdm.WebDriverManager -- Using chromedriver 137.0.7151.70 (resolved driver for Chrome 137)
1555 [TestNG-tests-2] INFO  i.g.bonigarcia.wdm.WebDriverManager -- Exporting webdriver.chrome.driver as C:\Users\Aisha.Saif\.cache\selenium\chromedriver\win64\137.0.7151.70\chromedriver.exe
1555 [TestNG-tests-3] INFO  i.g.bonigarcia.wdm.WebDriverManager -- Exporting webdriver.chrome.driver as C:\Users\Aisha.Saif\.cache\selenium\chromedriver\win64\137.0.7151.70\chromedriver.exe
1555 [TestNG-tests-1] INFO  i.g.bonigarcia.wdm.WebDriverManager -- Exporting webdriver.chrome.driver as C:\Users\Aisha.Saif\.cache\selenium\chromedriver\win64\137.0.7151.70\chromedriver.exe
1555 [TestNG-tests-4] INFO  i.g.bonigarcia.wdm.WebDriverManager -- Exporting webdriver.chrome.driver as C:\Users\Aisha.Saif\.cache\selenium\chromedriver\win64\137.0.7151.70\chromedriver.exe
4228 [TestNG-tests-1] INFO  util.ResourceLoader -- reading resources from location: test-data/flightreservation/passenger-1.json
4228 [TestNG-tests-4] INFO  util.ResourceLoader -- reading resources from location: test-data/flightreservation/passenger-4.json
4228 [TestNG-tests-3] INFO  util.ResourceLoader -- reading resources from location: test-data/flightreservation/passenger-3.json
4228 [TestNG-tests-2] INFO  util.ResourceLoader -- reading resources from location: test-data/flightreservation/passenger-2.json
4231 [TestNG-tests-3] ERROR util.JsonUtil -- unable to read test data file test-data/flightreservation/passenger-3.json
java.nio.file.NoSuchFileException: test-data\flightreservation\passenger-3.json
	at java.base/sun.nio.fs.WindowsException.translateToIOException(WindowsException.java:85)
	at java.base/sun.nio.fs.WindowsException.rethrowAsIOException(WindowsException.java:103)
	at java.base/sun.nio.fs.WindowsException.rethrowAsIOException(WindowsException.java:108)
	at java.base/sun.nio.fs.WindowsFileSystemProvider.newByteChannel(WindowsFileSystemProvider.java:234)
	at java.base/java.nio.file.Files.newByteChannel(Files.java:380)
	at java.base/java.nio.file.Files.newByteChannel(Files.java:432)
	at java.base/java.nio.file.spi.FileSystemProvider.newInputStream(FileSystemProvider.java:420)
	at java.base/java.nio.file.Files.newInputStream(Files.java:160)
	at util.ResourceLoader.getresources(ResourceLoader.java:21)
	at util.JsonUtil.getTestdata(JsonUtil.java:18)
	at tests.FlightReservationtest.FlightReservationTest.Setparameter(FlightReservationTest.java:23)
	at java.base/jdk.internal.reflect.DirectMethodHandleAccessor.invoke(DirectMethodHandleAccessor.java:103)
	at java.base/java.lang.reflect.Method.invoke(Method.java:580)
	at org.testng.internal.invokers.MethodInvocationHelper.invokeMethod(MethodInvocationHelper.java:141)
	at org.testng.internal.invokers.MethodInvocationHelper.invokeMethodConsideringTimeout(MethodInvocationHelper.java:71)
	at org.testng.internal.invokers.ConfigInvoker.invokeConfigurationMethod(ConfigInvoker.java:400)
	at org.testng.internal.invokers.ConfigInvoker.invokeConfigurations(ConfigInvoker.java:333)
	at org.testng.TestRunner.invokeTestConfigurations(TestRunner.java:655)
	at org.testng.TestRunner.beforeRun(TestRunner.java:644)
	at org.testng.TestRunner.run(TestRunner.java:610)
	at org.testng.SuiteRunner.runTest(SuiteRunner.java:421)
	at org.testng.SuiteRunner$SuiteWorker.run(SuiteRunner.java:463)
	at org.testng.internal.thread.ThreadUtil.lambda$execute$0(ThreadUtil.java:64)
	at java.base/java.util.concurrent.FutureTask.run$$$capture(FutureTask.java:317)
	at java.base/java.util.concurrent.FutureTask.run(FutureTask.java)
	at java.base/java.util.concurrent.ThreadPoolExecutor.runWorker(ThreadPoolExecutor.java:1144)
	at java.base/java.util.concurrent.ThreadPoolExecutor$Worker.run(ThreadPoolExecutor.java:642)
	at java.base/java.lang.Thread.run(Thread.java:1575)
4231 [TestNG-tests-4] ERROR util.JsonUtil -- unable to read test data file test-data/flightreservation/passenger-4.json
java.nio.file.NoSuchFileException: test-data\flightreservation\passenger-4.json
	at java.base/sun.nio.fs.WindowsException.translateToIOException(WindowsException.java:85)
	at java.base/sun.nio.fs.WindowsException.rethrowAsIOException(WindowsException.java:103)
	at java.base/sun.nio.fs.WindowsException.rethrowAsIOException(WindowsException.java:108)
	at java.base/sun.nio.fs.WindowsFileSystemProvider.newByteChannel(WindowsFileSystemProvider.java:234)
	at java.base/java.nio.file.Files.newByteChannel(Files.java:380)
	at java.base/java.nio.file.Files.newByteChannel(Files.java:432)
	at java.base/java.nio.file.spi.FileSystemProvider.newInputStream(FileSystemProvider.java:420)
	at java.base/java.nio.file.Files.newInputStream(Files.java:160)
	at util.ResourceLoader.getresources(ResourceLoader.java:21)
	at util.JsonUtil.getTestdata(JsonUtil.java:18)
	at tests.FlightReservationtest.FlightReservationTest.Setparameter(FlightReservationTest.java:23)
	at java.base/jdk.internal.reflect.DirectMethodHandleAccessor.invoke(DirectMethodHandleAccessor.java:103)
	at java.base/java.lang.reflect.Method.invoke(Method.java:580)
	at org.testng.internal.invokers.MethodInvocationHelper.invokeMethod(MethodInvocationHelper.java:141)
	at org.testng.internal.invokers.MethodInvocationHelper.invokeMethodConsideringTimeout(MethodInvocationHelper.java:71)
	at org.testng.internal.invokers.ConfigInvoker.invokeConfigurationMethod(ConfigInvoker.java:400)
	at org.testng.internal.invokers.ConfigInvoker.invokeConfigurations(ConfigInvoker.java:333)
	at org.testng.TestRunner.invokeTestConfigurations(TestRunner.java:655)
	at org.testng.TestRunner.beforeRun(TestRunner.java:644)
	at org.testng.TestRunner.run(TestRunner.java:610)
	at org.testng.SuiteRunner.runTest(SuiteRunner.java:421)
	at org.testng.SuiteRunner$SuiteWorker.run(SuiteRunner.java:463)
	at org.testng.internal.thread.ThreadUtil.lambda$execute$0(ThreadUtil.java:64)
	at java.base/java.util.concurrent.FutureTask.run$$$capture(FutureTask.java:317)
	at java.base/java.util.concurrent.FutureTask.run(FutureTask.java)
	at java.base/java.util.concurrent.ThreadPoolExecutor.runWorker(ThreadPoolExecutor.java:1144)
	at java.base/java.util.concurrent.ThreadPoolExecutor$Worker.run(ThreadPoolExecutor.java:642)
	at java.base/java.lang.Thread.run(Thread.java:1575)
11206 [TestNG-tests-2] INFO  t.F.FlightReservationTest -- noofpassengers
12025 [TestNG-tests-1] INFO  t.F.FlightReservationTest -- noofpassengers
15605 [TestNG-tests-2] ERROR FlightReservation.AbstractPage -- this is something
15715 [TestNG-tests-1] ERROR FlightReservation.AbstractPage -- this is something
796  [main] INFO  org.testng.internal.Utils -- [TestNG] Running:
  C:\Users\Aisha.Saif\Documents\cucumber projects (1)\selenium project\untitled\src\main\resources\test-suites\FlightReservationTest.xml

1478 [TestNG-tests-4] INFO  i.g.bonigarcia.wdm.WebDriverManager -- Using chromedriver 137.0.7151.70 (resolved driver for Chrome 137)
1478 [TestNG-tests-1] INFO  i.g.bonigarcia.wdm.WebDriverManager -- Using chromedriver 137.0.7151.70 (resolved driver for Chrome 137)
1479 [TestNG-tests-2] INFO  i.g.bonigarcia.wdm.WebDriverManager -- Using chromedriver 137.0.7151.70 (resolved driver for Chrome 137)
1480 [TestNG-tests-3] INFO  i.g.bonigarcia.wdm.WebDriverManager -- Using chromedriver 137.0.7151.70 (resolved driver for Chrome 137)
1514 [TestNG-tests-1] INFO  i.g.bonigarcia.wdm.WebDriverManager -- Exporting webdriver.chrome.driver as C:\Users\Aisha.Saif\.cache\selenium\chromedriver\win64\137.0.7151.70\chromedriver.exe
1518 [TestNG-tests-2] INFO  i.g.bonigarcia.wdm.WebDriverManager -- Exporting webdriver.chrome.driver as C:\Users\Aisha.Saif\.cache\selenium\chromedriver\win64\137.0.7151.70\chromedriver.exe
1519 [TestNG-tests-4] INFO  i.g.bonigarcia.wdm.WebDriverManager -- Exporting webdriver.chrome.driver as C:\Users\Aisha.Saif\.cache\selenium\chromedriver\win64\137.0.7151.70\chromedriver.exe
1529 [TestNG-tests-3] INFO  i.g.bonigarcia.wdm.WebDriverManager -- Exporting webdriver.chrome.driver as C:\Users\Aisha.Saif\.cache\selenium\chromedriver\win64\137.0.7151.70\chromedriver.exe
3969 [TestNG-tests-1] INFO  util.ResourceLoader -- reading resources from location: test-data/flightreservation/passenger-1.json
3969 [TestNG-tests-2] INFO  util.ResourceLoader -- reading resources from location: test-data/flightreservation/passenger-2.json
3969 [TestNG-tests-4] INFO  util.ResourceLoader -- reading resources from location: test-data/flightreservation/passenger-4.json
3969 [TestNG-tests-3] INFO  util.ResourceLoader -- reading resources from location: test-data/flightreservation/passenger-3.json
3970 [TestNG-tests-3] ERROR util.JsonUtil -- unable to read test data file test-data/flightreservation/passenger-3.json
java.nio.file.NoSuchFileException: test-data\flightreservation\passenger-3.json
	at java.base/sun.nio.fs.WindowsException.translateToIOException(WindowsException.java:85)
	at java.base/sun.nio.fs.WindowsException.rethrowAsIOException(WindowsException.java:103)
	at java.base/sun.nio.fs.WindowsException.rethrowAsIOException(WindowsException.java:108)
	at java.base/sun.nio.fs.WindowsFileSystemProvider.newByteChannel(WindowsFileSystemProvider.java:234)
	at java.base/java.nio.file.Files.newByteChannel(Files.java:380)
	at java.base/java.nio.file.Files.newByteChannel(Files.java:432)
	at java.base/java.nio.file.spi.FileSystemProvider.newInputStream(FileSystemProvider.java:420)
	at java.base/java.nio.file.Files.newInputStream(Files.java:160)
	at util.ResourceLoader.getresources(ResourceLoader.java:21)
	at util.JsonUtil.getTestdata(JsonUtil.java:18)
	at tests.FlightReservationtest.FlightReservationTest.Setparameter(FlightReservationTest.java:23)
	at java.base/jdk.internal.reflect.DirectMethodHandleAccessor.invoke(DirectMethodHandleAccessor.java:103)
	at java.base/java.lang.reflect.Method.invoke(Method.java:580)
	at org.testng.internal.invokers.MethodInvocationHelper.invokeMethod(MethodInvocationHelper.java:141)
	at org.testng.internal.invokers.MethodInvocationHelper.invokeMethodConsideringTimeout(MethodInvocationHelper.java:71)
	at org.testng.internal.invokers.ConfigInvoker.invokeConfigurationMethod(ConfigInvoker.java:400)
	at org.testng.internal.invokers.ConfigInvoker.invokeConfigurations(ConfigInvoker.java:333)
	at org.testng.TestRunner.invokeTestConfigurations(TestRunner.java:655)
	at org.testng.TestRunner.beforeRun(TestRunner.java:644)
	at org.testng.TestRunner.run(TestRunner.java:610)
	at org.testng.SuiteRunner.runTest(SuiteRunner.java:421)
	at org.testng.SuiteRunner$SuiteWorker.run(SuiteRunner.java:463)
	at org.testng.internal.thread.ThreadUtil.lambda$execute$0(ThreadUtil.java:64)
	at java.base/java.util.concurrent.FutureTask.run$$$capture(FutureTask.java:317)
	at java.base/java.util.concurrent.FutureTask.run(FutureTask.java)
	at java.base/java.util.concurrent.ThreadPoolExecutor.runWorker(ThreadPoolExecutor.java:1144)
	at java.base/java.util.concurrent.ThreadPoolExecutor$Worker.run(ThreadPoolExecutor.java:642)
	at java.base/java.lang.Thread.run(Thread.java:1575)
3970 [TestNG-tests-4] ERROR util.JsonUtil -- unable to read test data file test-data/flightreservation/passenger-4.json
java.nio.file.NoSuchFileException: test-data\flightreservation\passenger-4.json
	at java.base/sun.nio.fs.WindowsException.translateToIOException(WindowsException.java:85)
	at java.base/sun.nio.fs.WindowsException.rethrowAsIOException(WindowsException.java:103)
	at java.base/sun.nio.fs.WindowsException.rethrowAsIOException(WindowsException.java:108)
	at java.base/sun.nio.fs.WindowsFileSystemProvider.newByteChannel(WindowsFileSystemProvider.java:234)
	at java.base/java.nio.file.Files.newByteChannel(Files.java:380)
	at java.base/java.nio.file.Files.newByteChannel(Files.java:432)
	at java.base/java.nio.file.spi.FileSystemProvider.newInputStream(FileSystemProvider.java:420)
	at java.base/java.nio.file.Files.newInputStream(Files.java:160)
	at util.ResourceLoader.getresources(ResourceLoader.java:21)
	at util.JsonUtil.getTestdata(JsonUtil.java:18)
	at tests.FlightReservationtest.FlightReservationTest.Setparameter(FlightReservationTest.java:23)
	at java.base/jdk.internal.reflect.DirectMethodHandleAccessor.invoke(DirectMethodHandleAccessor.java:103)
	at java.base/java.lang.reflect.Method.invoke(Method.java:580)
	at org.testng.internal.invokers.MethodInvocationHelper.invokeMethod(MethodInvocationHelper.java:141)
	at org.testng.internal.invokers.MethodInvocationHelper.invokeMethodConsideringTimeout(MethodInvocationHelper.java:71)
	at org.testng.internal.invokers.ConfigInvoker.invokeConfigurationMethod(ConfigInvoker.java:400)
	at org.testng.internal.invokers.ConfigInvoker.invokeConfigurations(ConfigInvoker.java:333)
	at org.testng.TestRunner.invokeTestConfigurations(TestRunner.java:655)
	at org.testng.TestRunner.beforeRun(TestRunner.java:644)
	at org.testng.TestRunner.run(TestRunner.java:610)
	at org.testng.SuiteRunner.runTest(SuiteRunner.java:421)
	at org.testng.SuiteRunner$SuiteWorker.run(SuiteRunner.java:463)
	at org.testng.internal.thread.ThreadUtil.lambda$execute$0(ThreadUtil.java:64)
	at java.base/java.util.concurrent.FutureTask.run$$$capture(FutureTask.java:317)
	at java.base/java.util.concurrent.FutureTask.run(FutureTask.java)
	at java.base/java.util.concurrent.ThreadPoolExecutor.runWorker(ThreadPoolExecutor.java:1144)
	at java.base/java.util.concurrent.ThreadPoolExecutor$Worker.run(ThreadPoolExecutor.java:642)
	at java.base/java.lang.Thread.run(Thread.java:1575)
11332 [TestNG-tests-1] INFO  t.F.FlightReservationTest -- noofpassengers
11897 [TestNG-tests-2] INFO  t.F.FlightReservationTest -- noofpassengers
16144 [TestNG-tests-1] ERROR FlightReservation.AbstractPage -- this is something
17226 [TestNG-tests-2] ERROR FlightReservation.AbstractPage -- this is something
712  [main] INFO  org.testng.internal.Utils -- [TestNG] Running:
  C:\Users\Aisha.Saif\AppData\Local\JetBrains\IdeaIC2024.3\temp-testng-customsuite.xml

1262 [main] INFO  i.g.bonigarcia.wdm.WebDriverManager -- Using chromedriver 137.0.7151.70 (resolved driver for Chrome 137)
1290 [main] INFO  i.g.bonigarcia.wdm.WebDriverManager -- Exporting webdriver.chrome.driver as C:\Users\Aisha.Saif\.cache\selenium\chromedriver\win64\137.0.7151.70\chromedriver.exe
805  [main] INFO  org.testng.internal.Utils -- [TestNG] Running:
  C:\Users\Aisha.Saif\Documents\cucumber projects (1)\selenium project\untitled\src\main\resources\test-suites\FlightReservationTest.xml

1578 [TestNG-tests-1] INFO  i.g.bonigarcia.wdm.WebDriverManager -- Using chromedriver 137.0.7151.70 (resolved driver for Chrome 137)
1579 [TestNG-tests-4] INFO  i.g.bonigarcia.wdm.WebDriverManager -- Using chromedriver 137.0.7151.70 (resolved driver for Chrome 137)
1595 [TestNG-tests-2] INFO  i.g.bonigarcia.wdm.WebDriverManager -- Using chromedriver 137.0.7151.70 (resolved driver for Chrome 137)
1609 [TestNG-tests-3] INFO  i.g.bonigarcia.wdm.WebDriverManager -- Using chromedriver 137.0.7151.70 (resolved driver for Chrome 137)
1641 [TestNG-tests-1] INFO  i.g.bonigarcia.wdm.WebDriverManager -- Exporting webdriver.chrome.driver as C:\Users\Aisha.Saif\.cache\selenium\chromedriver\win64\137.0.7151.70\chromedriver.exe
1642 [TestNG-tests-4] INFO  i.g.bonigarcia.wdm.WebDriverManager -- Exporting webdriver.chrome.driver as C:\Users\Aisha.Saif\.cache\selenium\chromedriver\win64\137.0.7151.70\chromedriver.exe
1645 [TestNG-tests-2] INFO  i.g.bonigarcia.wdm.WebDriverManager -- Exporting webdriver.chrome.driver as C:\Users\Aisha.Saif\.cache\selenium\chromedriver\win64\137.0.7151.70\chromedriver.exe
1645 [TestNG-tests-3] INFO  i.g.bonigarcia.wdm.WebDriverManager -- Exporting webdriver.chrome.driver as C:\Users\Aisha.Saif\.cache\selenium\chromedriver\win64\137.0.7151.70\chromedriver.exe
4358 [TestNG-tests-4] INFO  util.ResourceLoader -- reading resources from location: test-data/flightreservation/passenger-4.json
4358 [TestNG-tests-1] INFO  util.ResourceLoader -- reading resources from location: test-data/flightreservation/passenger-1.json
4358 [TestNG-tests-3] INFO  util.ResourceLoader -- reading resources from location: test-data/flightreservation/passenger-3.json
4358 [TestNG-tests-2] INFO  util.ResourceLoader -- reading resources from location: test-data/flightreservation/passenger-2.json
4360 [TestNG-tests-4] ERROR util.JsonUtil -- unable to read test data file test-data/flightreservation/passenger-4.json
java.nio.file.NoSuchFileException: test-data\flightreservation\passenger-4.json
	at java.base/sun.nio.fs.WindowsException.translateToIOException(WindowsException.java:85)
	at java.base/sun.nio.fs.WindowsException.rethrowAsIOException(WindowsException.java:103)
	at java.base/sun.nio.fs.WindowsException.rethrowAsIOException(WindowsException.java:108)
	at java.base/sun.nio.fs.WindowsFileSystemProvider.newByteChannel(WindowsFileSystemProvider.java:234)
	at java.base/java.nio.file.Files.newByteChannel(Files.java:380)
	at java.base/java.nio.file.Files.newByteChannel(Files.java:432)
	at java.base/java.nio.file.spi.FileSystemProvider.newInputStream(FileSystemProvider.java:420)
	at java.base/java.nio.file.Files.newInputStream(Files.java:160)
	at util.ResourceLoader.getresources(ResourceLoader.java:21)
	at util.JsonUtil.getTestdata(JsonUtil.java:18)
	at tests.FlightReservationtest.FlightReservationTest.Setparameter(FlightReservationTest.java:23)
	at java.base/jdk.internal.reflect.DirectMethodHandleAccessor.invoke(DirectMethodHandleAccessor.java:103)
	at java.base/java.lang.reflect.Method.invoke(Method.java:580)
	at org.testng.internal.invokers.MethodInvocationHelper.invokeMethod(MethodInvocationHelper.java:141)
	at org.testng.internal.invokers.MethodInvocationHelper.invokeMethodConsideringTimeout(MethodInvocationHelper.java:71)
	at org.testng.internal.invokers.ConfigInvoker.invokeConfigurationMethod(ConfigInvoker.java:400)
	at org.testng.internal.invokers.ConfigInvoker.invokeConfigurations(ConfigInvoker.java:333)
	at org.testng.TestRunner.invokeTestConfigurations(TestRunner.java:655)
	at org.testng.TestRunner.beforeRun(TestRunner.java:644)
	at org.testng.TestRunner.run(TestRunner.java:610)
	at org.testng.SuiteRunner.runTest(SuiteRunner.java:421)
	at org.testng.SuiteRunner$SuiteWorker.run(SuiteRunner.java:463)
	at org.testng.internal.thread.ThreadUtil.lambda$execute$0(ThreadUtil.java:64)
	at java.base/java.util.concurrent.FutureTask.run$$$capture(FutureTask.java:317)
	at java.base/java.util.concurrent.FutureTask.run(FutureTask.java)
	at java.base/java.util.concurrent.ThreadPoolExecutor.runWorker(ThreadPoolExecutor.java:1144)
	at java.base/java.util.concurrent.ThreadPoolExecutor$Worker.run(ThreadPoolExecutor.java:642)
	at java.base/java.lang.Thread.run(Thread.java:1575)
4360 [TestNG-tests-3] ERROR util.JsonUtil -- unable to read test data file test-data/flightreservation/passenger-3.json
java.nio.file.NoSuchFileException: test-data\flightreservation\passenger-3.json
	at java.base/sun.nio.fs.WindowsException.translateToIOException(WindowsException.java:85)
	at java.base/sun.nio.fs.WindowsException.rethrowAsIOException(WindowsException.java:103)
	at java.base/sun.nio.fs.WindowsException.rethrowAsIOException(WindowsException.java:108)
	at java.base/sun.nio.fs.WindowsFileSystemProvider.newByteChannel(WindowsFileSystemProvider.java:234)
	at java.base/java.nio.file.Files.newByteChannel(Files.java:380)
	at java.base/java.nio.file.Files.newByteChannel(Files.java:432)
	at java.base/java.nio.file.spi.FileSystemProvider.newInputStream(FileSystemProvider.java:420)
	at java.base/java.nio.file.Files.newInputStream(Files.java:160)
	at util.ResourceLoader.getresources(ResourceLoader.java:21)
	at util.JsonUtil.getTestdata(JsonUtil.java:18)
	at tests.FlightReservationtest.FlightReservationTest.Setparameter(FlightReservationTest.java:23)
	at java.base/jdk.internal.reflect.DirectMethodHandleAccessor.invoke(DirectMethodHandleAccessor.java:103)
	at java.base/java.lang.reflect.Method.invoke(Method.java:580)
	at org.testng.internal.invokers.MethodInvocationHelper.invokeMethod(MethodInvocationHelper.java:141)
	at org.testng.internal.invokers.MethodInvocationHelper.invokeMethodConsideringTimeout(MethodInvocationHelper.java:71)
	at org.testng.internal.invokers.ConfigInvoker.invokeConfigurationMethod(ConfigInvoker.java:400)
	at org.testng.internal.invokers.ConfigInvoker.invokeConfigurations(ConfigInvoker.java:333)
	at org.testng.TestRunner.invokeTestConfigurations(TestRunner.java:655)
	at org.testng.TestRunner.beforeRun(TestRunner.java:644)
	at org.testng.TestRunner.run(TestRunner.java:610)
	at org.testng.SuiteRunner.runTest(SuiteRunner.java:421)
	at org.testng.SuiteRunner$SuiteWorker.run(SuiteRunner.java:463)
	at org.testng.internal.thread.ThreadUtil.lambda$execute$0(ThreadUtil.java:64)
	at java.base/java.util.concurrent.FutureTask.run$$$capture(FutureTask.java:317)
	at java.base/java.util.concurrent.FutureTask.run(FutureTask.java)
	at java.base/java.util.concurrent.ThreadPoolExecutor.runWorker(ThreadPoolExecutor.java:1144)
	at java.base/java.util.concurrent.ThreadPoolExecutor$Worker.run(ThreadPoolExecutor.java:642)
	at java.base/java.lang.Thread.run(Thread.java:1575)
10974 [TestNG-tests-1] INFO  t.F.FlightReservationTest -- noofpassengers
11923 [TestNG-tests-2] INFO  t.F.FlightReservationTest -- noofpassengers
15782 [TestNG-tests-1] ERROR FlightReservation.AbstractPage -- this is something
16890 [TestNG-tests-2] ERROR FlightReservation.AbstractPage -- this is something
771  [main] INFO  org.testng.internal.Utils -- [TestNG] Running:
  C:\Users\Aisha.Saif\Documents\cucumber projects (1)\selenium project\untitled\src\main\resources\test-suites\FlightReservationTest.xml

1358 [TestNG-tests-4] INFO  i.g.bonigarcia.wdm.WebDriverManager -- Using chromedriver 137.0.7151.70 (resolved driver for Chrome 137)
1358 [TestNG-tests-2] INFO  i.g.bonigarcia.wdm.WebDriverManager -- Using chromedriver 137.0.7151.70 (resolved driver for Chrome 137)
1358 [TestNG-tests-3] INFO  i.g.bonigarcia.wdm.WebDriverManager -- Using chromedriver 137.0.7151.70 (resolved driver for Chrome 137)
1358 [TestNG-tests-1] INFO  i.g.bonigarcia.wdm.WebDriverManager -- Using chromedriver 137.0.7151.70 (resolved driver for Chrome 137)
1392 [TestNG-tests-2] INFO  i.g.bonigarcia.wdm.WebDriverManager -- Exporting webdriver.chrome.driver as C:\Users\Aisha.Saif\.cache\selenium\chromedriver\win64\137.0.7151.70\chromedriver.exe
1392 [TestNG-tests-4] INFO  i.g.bonigarcia.wdm.WebDriverManager -- Exporting webdriver.chrome.driver as C:\Users\Aisha.Saif\.cache\selenium\chromedriver\win64\137.0.7151.70\chromedriver.exe
1392 [TestNG-tests-1] INFO  i.g.bonigarcia.wdm.WebDriverManager -- Exporting webdriver.chrome.driver as C:\Users\Aisha.Saif\.cache\selenium\chromedriver\win64\137.0.7151.70\chromedriver.exe
1392 [TestNG-tests-3] INFO  i.g.bonigarcia.wdm.WebDriverManager -- Exporting webdriver.chrome.driver as C:\Users\Aisha.Saif\.cache\selenium\chromedriver\win64\137.0.7151.70\chromedriver.exe
3836 [TestNG-tests-2] INFO  util.ResourceLoader -- reading resources from location: test-data/flightreservation/passenger-2.json
3836 [TestNG-tests-1] INFO  util.ResourceLoader -- reading resources from location: test-data/flightreservation/passenger-1.json
3836 [TestNG-tests-3] INFO  util.ResourceLoader -- reading resources from location: test-data/flightreservation/passenger-3.json
3836 [TestNG-tests-4] INFO  util.ResourceLoader -- reading resources from location: test-data/flightreservation/passenger-4.json
3839 [TestNG-tests-4] ERROR util.JsonUtil -- unable to read test data file test-data/flightreservation/passenger-4.json
java.nio.file.NoSuchFileException: test-data\flightreservation\passenger-4.json
	at java.base/sun.nio.fs.WindowsException.translateToIOException(WindowsException.java:85)
	at java.base/sun.nio.fs.WindowsException.rethrowAsIOException(WindowsException.java:103)
	at java.base/sun.nio.fs.WindowsException.rethrowAsIOException(WindowsException.java:108)
	at java.base/sun.nio.fs.WindowsFileSystemProvider.newByteChannel(WindowsFileSystemProvider.java:234)
	at java.base/java.nio.file.Files.newByteChannel(Files.java:380)
	at java.base/java.nio.file.Files.newByteChannel(Files.java:432)
	at java.base/java.nio.file.spi.FileSystemProvider.newInputStream(FileSystemProvider.java:420)
	at java.base/java.nio.file.Files.newInputStream(Files.java:160)
	at util.ResourceLoader.getresources(ResourceLoader.java:21)
	at util.JsonUtil.getTestdata(JsonUtil.java:18)
	at tests.FlightReservationtest.FlightReservationTest.Setparameter(FlightReservationTest.java:23)
	at java.base/jdk.internal.reflect.DirectMethodHandleAccessor.invoke(DirectMethodHandleAccessor.java:103)
	at java.base/java.lang.reflect.Method.invoke(Method.java:580)
	at org.testng.internal.invokers.MethodInvocationHelper.invokeMethod(MethodInvocationHelper.java:141)
	at org.testng.internal.invokers.MethodInvocationHelper.invokeMethodConsideringTimeout(MethodInvocationHelper.java:71)
	at org.testng.internal.invokers.ConfigInvoker.invokeConfigurationMethod(ConfigInvoker.java:400)
	at org.testng.internal.invokers.ConfigInvoker.invokeConfigurations(ConfigInvoker.java:333)
	at org.testng.TestRunner.invokeTestConfigurations(TestRunner.java:655)
	at org.testng.TestRunner.beforeRun(TestRunner.java:644)
	at org.testng.TestRunner.run(TestRunner.java:610)
	at org.testng.SuiteRunner.runTest(SuiteRunner.java:421)
	at org.testng.SuiteRunner$SuiteWorker.run(SuiteRunner.java:463)
	at org.testng.internal.thread.ThreadUtil.lambda$execute$0(ThreadUtil.java:64)
	at java.base/java.util.concurrent.FutureTask.run$$$capture(FutureTask.java:317)
	at java.base/java.util.concurrent.FutureTask.run(FutureTask.java)
	at java.base/java.util.concurrent.ThreadPoolExecutor.runWorker(ThreadPoolExecutor.java:1144)
	at java.base/java.util.concurrent.ThreadPoolExecutor$Worker.run(ThreadPoolExecutor.java:642)
	at java.base/java.lang.Thread.run(Thread.java:1575)
3839 [TestNG-tests-3] ERROR util.JsonUtil -- unable to read test data file test-data/flightreservation/passenger-3.json
java.nio.file.NoSuchFileException: test-data\flightreservation\passenger-3.json
	at java.base/sun.nio.fs.WindowsException.translateToIOException(WindowsException.java:85)
	at java.base/sun.nio.fs.WindowsException.rethrowAsIOException(WindowsException.java:103)
	at java.base/sun.nio.fs.WindowsException.rethrowAsIOException(WindowsException.java:108)
	at java.base/sun.nio.fs.WindowsFileSystemProvider.newByteChannel(WindowsFileSystemProvider.java:234)
	at java.base/java.nio.file.Files.newByteChannel(Files.java:380)
	at java.base/java.nio.file.Files.newByteChannel(Files.java:432)
	at java.base/java.nio.file.spi.FileSystemProvider.newInputStream(FileSystemProvider.java:420)
	at java.base/java.nio.file.Files.newInputStream(Files.java:160)
	at util.ResourceLoader.getresources(ResourceLoader.java:21)
	at util.JsonUtil.getTestdata(JsonUtil.java:18)
	at tests.FlightReservationtest.FlightReservationTest.Setparameter(FlightReservationTest.java:23)
	at java.base/jdk.internal.reflect.DirectMethodHandleAccessor.invoke(DirectMethodHandleAccessor.java:103)
	at java.base/java.lang.reflect.Method.invoke(Method.java:580)
	at org.testng.internal.invokers.MethodInvocationHelper.invokeMethod(MethodInvocationHelper.java:141)
	at org.testng.internal.invokers.MethodInvocationHelper.invokeMethodConsideringTimeout(MethodInvocationHelper.java:71)
	at org.testng.internal.invokers.ConfigInvoker.invokeConfigurationMethod(ConfigInvoker.java:400)
	at org.testng.internal.invokers.ConfigInvoker.invokeConfigurations(ConfigInvoker.java:333)
	at org.testng.TestRunner.invokeTestConfigurations(TestRunner.java:655)
	at org.testng.TestRunner.beforeRun(TestRunner.java:644)
	at org.testng.TestRunner.run(TestRunner.java:610)
	at org.testng.SuiteRunner.runTest(SuiteRunner.java:421)
	at org.testng.SuiteRunner$SuiteWorker.run(SuiteRunner.java:463)
	at org.testng.internal.thread.ThreadUtil.lambda$execute$0(ThreadUtil.java:64)
	at java.base/java.util.concurrent.FutureTask.run$$$capture(FutureTask.java:317)
	at java.base/java.util.concurrent.FutureTask.run(FutureTask.java)
	at java.base/java.util.concurrent.ThreadPoolExecutor.runWorker(ThreadPoolExecutor.java:1144)
	at java.base/java.util.concurrent.ThreadPoolExecutor$Worker.run(ThreadPoolExecutor.java:642)
	at java.base/java.lang.Thread.run(Thread.java:1575)
9861 [TestNG-tests-2] INFO  t.F.FlightReservationTest -- noofpassengers
12012 [TestNG-tests-1] INFO  t.F.FlightReservationTest -- noofpassengers
14320 [TestNG-tests-2] ERROR FlightReservation.AbstractPage -- this is something
16180 [TestNG-tests-1] ERROR FlightReservation.AbstractPage -- this is something
1068 [main] INFO  org.testng.internal.Utils -- [TestNG] Running:
  C:\Users\Aisha.Saif\Documents\cucumber projects (1)\selenium project\untitled\src\main\resources\test-suites\FlightReservationTest.xml

1755 [TestNG-tests-1] INFO  i.g.bonigarcia.wdm.WebDriverManager -- Using chromedriver 137.0.7151.70 (resolved driver for Chrome 137)
1789 [TestNG-tests-1] INFO  i.g.bonigarcia.wdm.WebDriverManager -- Exporting webdriver.chrome.driver as C:\Users\Aisha.Saif\.cache\selenium\chromedriver\win64\137.0.7151.70\chromedriver.exe
3363 [TestNG-tests-1] INFO  util.ResourceLoader -- reading resources from location: test-data/flightreservation/passenger-1.json
10912 [TestNG-tests-1] INFO  t.F.FlightReservationTest -- noofpassengers
13509 [TestNG-tests-1] ERROR FlightReservation.AbstractPage -- this is something
989  [main] INFO  org.testng.internal.Utils -- [TestNG] Running:
  C:\Users\Aisha.Saif\Documents\cucumber projects (1)\selenium project\untitled\src\main\resources\test-suites\FlightReservationTest.xml

1585 [TestNG-tests-1] INFO  i.g.bonigarcia.wdm.WebDriverManager -- Using chromedriver 137.0.7151.70 (resolved driver for Chrome 137)
1615 [TestNG-tests-1] INFO  i.g.bonigarcia.wdm.WebDriverManager -- Exporting webdriver.chrome.driver as C:\Users\Aisha.Saif\.cache\selenium\chromedriver\win64\137.0.7151.70\chromedriver.exe
3069 [TestNG-tests-1] INFO  util.ResourceLoader -- reading resources from location: test-data/flightreservation/passenger-1.json
8875 [TestNG-tests-1] INFO  t.F.FlightReservationTest -- noofpassengers
11869 [TestNG-tests-1] ERROR FlightReservation.AbstractPage -- this is something
12342 [TestNG-tests-1] INFO  i.g.bonigarcia.wdm.WebDriverManager -- Using chromedriver 137.0.7151.70 (resolved driver for Chrome 137)
12362 [TestNG-tests-1] INFO  i.g.bonigarcia.wdm.WebDriverManager -- Exporting webdriver.chrome.driver as C:\Users\Aisha.Saif\.cache\selenium\chromedriver\win64\137.0.7151.70\chromedriver.exe
13154 [TestNG-tests-1] INFO  util.ResourceLoader -- reading resources from location: test-data/flightreservation/passenger-2.json
19517 [TestNG-tests-1] INFO  t.F.FlightReservationTest -- noofpassengers
22477 [TestNG-tests-1] ERROR FlightReservation.AbstractPage -- this is something
22816 [TestNG-tests-1] INFO  i.g.bonigarcia.wdm.WebDriverManager -- Using chromedriver 137.0.7151.70 (resolved driver for Chrome 137)
22816 [TestNG-tests-1] INFO  i.g.bonigarcia.wdm.WebDriverManager -- Exporting webdriver.chrome.driver as C:\Users\Aisha.Saif\.cache\selenium\chromedriver\win64\137.0.7151.70\chromedriver.exe
23672 [TestNG-tests-1] INFO  util.ResourceLoader -- reading resources from location: test-data/flightreservation/passenger-3.json
23674 [TestNG-tests-1] ERROR util.JsonUtil -- unable to read test data file test-data/flightreservation/passenger-3.json
java.nio.file.NoSuchFileException: test-data\flightreservation\passenger-3.json
	at java.base/sun.nio.fs.WindowsException.translateToIOException(WindowsException.java:85)
	at java.base/sun.nio.fs.WindowsException.rethrowAsIOException(WindowsException.java:103)
	at java.base/sun.nio.fs.WindowsException.rethrowAsIOException(WindowsException.java:108)
	at java.base/sun.nio.fs.WindowsFileSystemProvider.newByteChannel(WindowsFileSystemProvider.java:234)
	at java.base/java.nio.file.Files.newByteChannel(Files.java:380)
	at java.base/java.nio.file.Files.newByteChannel(Files.java:432)
	at java.base/java.nio.file.spi.FileSystemProvider.newInputStream(FileSystemProvider.java:420)
	at java.base/java.nio.file.Files.newInputStream(Files.java:160)
	at util.ResourceLoader.getresources(ResourceLoader.java:21)
	at util.JsonUtil.getTestdata(JsonUtil.java:18)
	at tests.FlightReservationtest.FlightReservationTest.Setparameter(FlightReservationTest.java:23)
	at java.base/jdk.internal.reflect.DirectMethodHandleAccessor.invoke(DirectMethodHandleAccessor.java:103)
	at java.base/java.lang.reflect.Method.invoke(Method.java:580)
	at org.testng.internal.invokers.MethodInvocationHelper.invokeMethod(MethodInvocationHelper.java:141)
	at org.testng.internal.invokers.MethodInvocationHelper.invokeMethodConsideringTimeout(MethodInvocationHelper.java:71)
	at org.testng.internal.invokers.ConfigInvoker.invokeConfigurationMethod(ConfigInvoker.java:400)
	at org.testng.internal.invokers.ConfigInvoker.invokeConfigurations(ConfigInvoker.java:333)
	at org.testng.TestRunner.invokeTestConfigurations(TestRunner.java:655)
	at org.testng.TestRunner.beforeRun(TestRunner.java:644)
	at org.testng.TestRunner.run(TestRunner.java:610)
	at org.testng.SuiteRunner.runTest(SuiteRunner.java:421)
	at org.testng.SuiteRunner$SuiteWorker.run(SuiteRunner.java:463)
	at org.testng.internal.thread.ThreadUtil.lambda$execute$0(ThreadUtil.java:64)
	at java.base/java.util.concurrent.FutureTask.run$$$capture(FutureTask.java:317)
	at java.base/java.util.concurrent.FutureTask.run(FutureTask.java)
	at java.base/java.util.concurrent.ThreadPoolExecutor.runWorker(ThreadPoolExecutor.java:1144)
	at java.base/java.util.concurrent.ThreadPoolExecutor$Worker.run(ThreadPoolExecutor.java:642)
	at java.base/java.lang.Thread.run(Thread.java:1575)
26859 [TestNG-tests-1] INFO  i.g.bonigarcia.wdm.WebDriverManager -- Using chromedriver 137.0.7151.70 (resolved driver for Chrome 137)
26870 [TestNG-tests-1] INFO  i.g.bonigarcia.wdm.WebDriverManager -- Exporting webdriver.chrome.driver as C:\Users\Aisha.Saif\.cache\selenium\chromedriver\win64\137.0.7151.70\chromedriver.exe
27581 [TestNG-tests-1] INFO  util.ResourceLoader -- reading resources from location: test-data/flightreservation/passenger-4.json
27583 [TestNG-tests-1] ERROR util.JsonUtil -- unable to read test data file test-data/flightreservation/passenger-4.json
java.nio.file.NoSuchFileException: test-data\flightreservation\passenger-4.json
	at java.base/sun.nio.fs.WindowsException.translateToIOException(WindowsException.java:85)
	at java.base/sun.nio.fs.WindowsException.rethrowAsIOException(WindowsException.java:103)
	at java.base/sun.nio.fs.WindowsException.rethrowAsIOException(WindowsException.java:108)
	at java.base/sun.nio.fs.WindowsFileSystemProvider.newByteChannel(WindowsFileSystemProvider.java:234)
	at java.base/java.nio.file.Files.newByteChannel(Files.java:380)
	at java.base/java.nio.file.Files.newByteChannel(Files.java:432)
	at java.base/java.nio.file.spi.FileSystemProvider.newInputStream(FileSystemProvider.java:420)
	at java.base/java.nio.file.Files.newInputStream(Files.java:160)
	at util.ResourceLoader.getresources(ResourceLoader.java:21)
	at util.JsonUtil.getTestdata(JsonUtil.java:18)
	at tests.FlightReservationtest.FlightReservationTest.Setparameter(FlightReservationTest.java:23)
	at java.base/jdk.internal.reflect.DirectMethodHandleAccessor.invoke(DirectMethodHandleAccessor.java:103)
	at java.base/java.lang.reflect.Method.invoke(Method.java:580)
	at org.testng.internal.invokers.MethodInvocationHelper.invokeMethod(MethodInvocationHelper.java:141)
	at org.testng.internal.invokers.MethodInvocationHelper.invokeMethodConsideringTimeout(MethodInvocationHelper.java:71)
	at org.testng.internal.invokers.ConfigInvoker.invokeConfigurationMethod(ConfigInvoker.java:400)
	at org.testng.internal.invokers.ConfigInvoker.invokeConfigurations(ConfigInvoker.java:333)
	at org.testng.TestRunner.invokeTestConfigurations(TestRunner.java:655)
	at org.testng.TestRunner.beforeRun(TestRunner.java:644)
	at org.testng.TestRunner.run(TestRunner.java:610)
	at org.testng.SuiteRunner.runTest(SuiteRunner.java:421)
	at org.testng.SuiteRunner$SuiteWorker.run(SuiteRunner.java:463)
	at org.testng.internal.thread.ThreadUtil.lambda$execute$0(ThreadUtil.java:64)
	at java.base/java.util.concurrent.FutureTask.run$$$capture(FutureTask.java:317)
	at java.base/java.util.concurrent.FutureTask.run(FutureTask.java)
	at java.base/java.util.concurrent.ThreadPoolExecutor.runWorker(ThreadPoolExecutor.java:1144)
	at java.base/java.util.concurrent.ThreadPoolExecutor$Worker.run(ThreadPoolExecutor.java:642)
	at java.base/java.lang.Thread.run(Thread.java:1575)
943  [main] INFO  org.testng.internal.Utils -- [TestNG] Running:
  C:\Users\Aisha.Saif\Documents\cucumber projects (1)\selenium project\untitled\src\main\resources\test-suites\FlightReservationTest.xml

1532 [TestNG-tests-1] INFO  i.g.bonigarcia.wdm.WebDriverManager -- Using chromedriver 137.0.7151.70 (resolved driver for Chrome 137)
1562 [TestNG-tests-1] INFO  i.g.bonigarcia.wdm.WebDriverManager -- Exporting webdriver.chrome.driver as C:\Users\Aisha.Saif\.cache\selenium\chromedriver\win64\137.0.7151.70\chromedriver.exe
2961 [TestNG-tests-1] INFO  util.ResourceLoader -- reading resources from location: test-data/flightreservation/passenger-1.json
8398 [TestNG-tests-1] INFO  t.F.FlightReservationTest -- noofpassengers
11234 [TestNG-tests-1] ERROR FlightReservation.AbstractPage -- this is something
11775 [TestNG-tests-1] INFO  i.g.bonigarcia.wdm.WebDriverManager -- Using chromedriver 137.0.7151.70 (resolved driver for Chrome 137)
11806 [TestNG-tests-1] INFO  i.g.bonigarcia.wdm.WebDriverManager -- Exporting webdriver.chrome.driver as C:\Users\Aisha.Saif\.cache\selenium\chromedriver\win64\137.0.7151.70\chromedriver.exe
12655 [TestNG-tests-1] INFO  util.ResourceLoader -- reading resources from location: test-data/flightreservation/passenger-2.json
20375 [TestNG-tests-1] INFO  t.F.FlightReservationTest -- noofpassengers
23847 [TestNG-tests-1] ERROR FlightReservation.AbstractPage -- this is something
24244 [TestNG-tests-1] INFO  i.g.bonigarcia.wdm.WebDriverManager -- Using chromedriver 137.0.7151.70 (resolved driver for Chrome 137)
24250 [TestNG-tests-1] INFO  i.g.bonigarcia.wdm.WebDriverManager -- Exporting webdriver.chrome.driver as C:\Users\Aisha.Saif\.cache\selenium\chromedriver\win64\137.0.7151.70\chromedriver.exe
25047 [TestNG-tests-1] INFO  util.ResourceLoader -- reading resources from location: test-data/flightreservation/passenger-3.json
25049 [TestNG-tests-1] ERROR util.JsonUtil -- unable to read test data file test-data/flightreservation/passenger-3.json
java.nio.file.NoSuchFileException: test-data\flightreservation\passenger-3.json
	at java.base/sun.nio.fs.WindowsException.translateToIOException(WindowsException.java:85)
	at java.base/sun.nio.fs.WindowsException.rethrowAsIOException(WindowsException.java:103)
	at java.base/sun.nio.fs.WindowsException.rethrowAsIOException(WindowsException.java:108)
	at java.base/sun.nio.fs.WindowsFileSystemProvider.newByteChannel(WindowsFileSystemProvider.java:234)
	at java.base/java.nio.file.Files.newByteChannel(Files.java:380)
	at java.base/java.nio.file.Files.newByteChannel(Files.java:432)
	at java.base/java.nio.file.spi.FileSystemProvider.newInputStream(FileSystemProvider.java:420)
	at java.base/java.nio.file.Files.newInputStream(Files.java:160)
	at util.ResourceLoader.getresources(ResourceLoader.java:21)
	at util.JsonUtil.getTestdata(JsonUtil.java:18)
	at tests.FlightReservationtest.FlightReservationTest.Setparameter(FlightReservationTest.java:23)
	at java.base/jdk.internal.reflect.DirectMethodHandleAccessor.invoke(DirectMethodHandleAccessor.java:103)
	at java.base/java.lang.reflect.Method.invoke(Method.java:580)
	at org.testng.internal.invokers.MethodInvocationHelper.invokeMethod(MethodInvocationHelper.java:141)
	at org.testng.internal.invokers.MethodInvocationHelper.invokeMethodConsideringTimeout(MethodInvocationHelper.java:71)
	at org.testng.internal.invokers.ConfigInvoker.invokeConfigurationMethod(ConfigInvoker.java:400)
	at org.testng.internal.invokers.ConfigInvoker.invokeConfigurations(ConfigInvoker.java:333)
	at org.testng.TestRunner.invokeTestConfigurations(TestRunner.java:655)
	at org.testng.TestRunner.beforeRun(TestRunner.java:644)
	at org.testng.TestRunner.run(TestRunner.java:610)
	at org.testng.SuiteRunner.runTest(SuiteRunner.java:421)
	at org.testng.SuiteRunner$SuiteWorker.run(SuiteRunner.java:463)
	at org.testng.internal.thread.ThreadUtil.lambda$execute$0(ThreadUtil.java:64)
	at java.base/java.util.concurrent.FutureTask.run$$$capture(FutureTask.java:317)
	at java.base/java.util.concurrent.FutureTask.run(FutureTask.java)
	at java.base/java.util.concurrent.ThreadPoolExecutor.runWorker(ThreadPoolExecutor.java:1144)
	at java.base/java.util.concurrent.ThreadPoolExecutor$Worker.run(ThreadPoolExecutor.java:642)
	at java.base/java.lang.Thread.run(Thread.java:1575)
28810 [TestNG-tests-1] INFO  i.g.bonigarcia.wdm.WebDriverManager -- Using chromedriver 137.0.7151.70 (resolved driver for Chrome 137)
28819 [TestNG-tests-1] INFO  i.g.bonigarcia.wdm.WebDriverManager -- Exporting webdriver.chrome.driver as C:\Users\Aisha.Saif\.cache\selenium\chromedriver\win64\137.0.7151.70\chromedriver.exe
29570 [TestNG-tests-1] INFO  util.ResourceLoader -- reading resources from location: test-data/flightreservation/passenger-4.json
29571 [TestNG-tests-1] ERROR util.JsonUtil -- unable to read test data file test-data/flightreservation/passenger-4.json
java.nio.file.NoSuchFileException: test-data\flightreservation\passenger-4.json
	at java.base/sun.nio.fs.WindowsException.translateToIOException(WindowsException.java:85)
	at java.base/sun.nio.fs.WindowsException.rethrowAsIOException(WindowsException.java:103)
	at java.base/sun.nio.fs.WindowsException.rethrowAsIOException(WindowsException.java:108)
	at java.base/sun.nio.fs.WindowsFileSystemProvider.newByteChannel(WindowsFileSystemProvider.java:234)
	at java.base/java.nio.file.Files.newByteChannel(Files.java:380)
	at java.base/java.nio.file.Files.newByteChannel(Files.java:432)
	at java.base/java.nio.file.spi.FileSystemProvider.newInputStream(FileSystemProvider.java:420)
	at java.base/java.nio.file.Files.newInputStream(Files.java:160)
	at util.ResourceLoader.getresources(ResourceLoader.java:21)
	at util.JsonUtil.getTestdata(JsonUtil.java:18)
	at tests.FlightReservationtest.FlightReservationTest.Setparameter(FlightReservationTest.java:23)
	at java.base/jdk.internal.reflect.DirectMethodHandleAccessor.invoke(DirectMethodHandleAccessor.java:103)
	at java.base/java.lang.reflect.Method.invoke(Method.java:580)
	at org.testng.internal.invokers.MethodInvocationHelper.invokeMethod(MethodInvocationHelper.java:141)
	at org.testng.internal.invokers.MethodInvocationHelper.invokeMethodConsideringTimeout(MethodInvocationHelper.java:71)
	at org.testng.internal.invokers.ConfigInvoker.invokeConfigurationMethod(ConfigInvoker.java:400)
	at org.testng.internal.invokers.ConfigInvoker.invokeConfigurations(ConfigInvoker.java:333)
	at org.testng.TestRunner.invokeTestConfigurations(TestRunner.java:655)
	at org.testng.TestRunner.beforeRun(TestRunner.java:644)
	at org.testng.TestRunner.run(TestRunner.java:610)
	at org.testng.SuiteRunner.runTest(SuiteRunner.java:421)
	at org.testng.SuiteRunner$SuiteWorker.run(SuiteRunner.java:463)
	at org.testng.internal.thread.ThreadUtil.lambda$execute$0(ThreadUtil.java:64)
	at java.base/java.util.concurrent.FutureTask.run$$$capture(FutureTask.java:317)
	at java.base/java.util.concurrent.FutureTask.run(FutureTask.java)
	at java.base/java.util.concurrent.ThreadPoolExecutor.runWorker(ThreadPoolExecutor.java:1144)
	at java.base/java.util.concurrent.ThreadPoolExecutor$Worker.run(ThreadPoolExecutor.java:642)
	at java.base/java.lang.Thread.run(Thread.java:1575)
937  [main] INFO  org.testng.internal.Utils -- [TestNG] Running:
  C:\Users\Aisha.Saif\Documents\cucumber projects (1)\selenium project\untitled\src\main\resources\test-suites\FlightReservationTest.xml

1555 [TestNG-tests-1] INFO  i.g.bonigarcia.wdm.WebDriverManager -- Using chromedriver 137.0.7151.70 (resolved driver for Chrome 137)
1575 [TestNG-tests-1] INFO  i.g.bonigarcia.wdm.WebDriverManager -- Exporting webdriver.chrome.driver as C:\Users\Aisha.Saif\.cache\selenium\chromedriver\win64\137.0.7151.70\chromedriver.exe
2960 [TestNG-tests-1] INFO  util.ResourceLoader -- reading resources from location: test-data/flightreservation/passenger-1.json
10076 [TestNG-tests-1] INFO  t.F.FlightReservationTest -- noofpassengers
14802 [TestNG-tests-1] ERROR FlightReservation.AbstractPage -- this is something
16870 [TestNG-tests-1] INFO  i.g.bonigarcia.wdm.WebDriverManager -- Using chromedriver 137.0.7151.70 (resolved driver for Chrome 137)
16895 [TestNG-tests-1] INFO  i.g.bonigarcia.wdm.WebDriverManager -- Exporting webdriver.chrome.driver as C:\Users\Aisha.Saif\.cache\selenium\chromedriver\win64\137.0.7151.70\chromedriver.exe
17662 [TestNG-tests-1] INFO  util.ResourceLoader -- reading resources from location: test-data/flightreservation/passenger-2.json
23247 [TestNG-tests-1] INFO  t.F.FlightReservationTest -- noofpassengers
26436 [TestNG-tests-1] ERROR FlightReservation.AbstractPage -- this is something
26829 [TestNG-tests-1] INFO  i.g.bonigarcia.wdm.WebDriverManager -- Using chromedriver 137.0.7151.70 (resolved driver for Chrome 137)
26847 [TestNG-tests-1] INFO  i.g.bonigarcia.wdm.WebDriverManager -- Exporting webdriver.chrome.driver as C:\Users\Aisha.Saif\.cache\selenium\chromedriver\win64\137.0.7151.70\chromedriver.exe
27706 [TestNG-tests-1] INFO  util.ResourceLoader -- reading resources from location: test-data/flightreservation/passenger-3.json
27708 [TestNG-tests-1] ERROR util.JsonUtil -- unable to read test data file test-data/flightreservation/passenger-3.json
java.nio.file.NoSuchFileException: test-data\flightreservation\passenger-3.json
	at java.base/sun.nio.fs.WindowsException.translateToIOException(WindowsException.java:85)
	at java.base/sun.nio.fs.WindowsException.rethrowAsIOException(WindowsException.java:103)
	at java.base/sun.nio.fs.WindowsException.rethrowAsIOException(WindowsException.java:108)
	at java.base/sun.nio.fs.WindowsFileSystemProvider.newByteChannel(WindowsFileSystemProvider.java:234)
	at java.base/java.nio.file.Files.newByteChannel(Files.java:380)
	at java.base/java.nio.file.Files.newByteChannel(Files.java:432)
	at java.base/java.nio.file.spi.FileSystemProvider.newInputStream(FileSystemProvider.java:420)
	at java.base/java.nio.file.Files.newInputStream(Files.java:160)
	at util.ResourceLoader.getresources(ResourceLoader.java:21)
	at util.JsonUtil.getTestdata(JsonUtil.java:18)
	at tests.FlightReservationtest.FlightReservationTest.Setparameter(FlightReservationTest.java:23)
	at java.base/jdk.internal.reflect.DirectMethodHandleAccessor.invoke(DirectMethodHandleAccessor.java:103)
	at java.base/java.lang.reflect.Method.invoke(Method.java:580)
	at org.testng.internal.invokers.MethodInvocationHelper.invokeMethod(MethodInvocationHelper.java:141)
	at org.testng.internal.invokers.MethodInvocationHelper.invokeMethodConsideringTimeout(MethodInvocationHelper.java:71)
	at org.testng.internal.invokers.ConfigInvoker.invokeConfigurationMethod(ConfigInvoker.java:400)
	at org.testng.internal.invokers.ConfigInvoker.invokeConfigurations(ConfigInvoker.java:333)
	at org.testng.TestRunner.invokeTestConfigurations(TestRunner.java:655)
	at org.testng.TestRunner.beforeRun(TestRunner.java:644)
	at org.testng.TestRunner.run(TestRunner.java:610)
	at org.testng.SuiteRunner.runTest(SuiteRunner.java:421)
	at org.testng.SuiteRunner$SuiteWorker.run(SuiteRunner.java:463)
	at org.testng.internal.thread.ThreadUtil.lambda$execute$0(ThreadUtil.java:64)
	at java.base/java.util.concurrent.FutureTask.run$$$capture(FutureTask.java:317)
	at java.base/java.util.concurrent.FutureTask.run(FutureTask.java)
	at java.base/java.util.concurrent.ThreadPoolExecutor.runWorker(ThreadPoolExecutor.java:1144)
	at java.base/java.util.concurrent.ThreadPoolExecutor$Worker.run(ThreadPoolExecutor.java:642)
	at java.base/java.lang.Thread.run(Thread.java:1575)
30680 [TestNG-tests-1] INFO  i.g.bonigarcia.wdm.WebDriverManager -- Using chromedriver 137.0.7151.70 (resolved driver for Chrome 137)
30697 [TestNG-tests-1] INFO  i.g.bonigarcia.wdm.WebDriverManager -- Exporting webdriver.chrome.driver as C:\Users\Aisha.Saif\.cache\selenium\chromedriver\win64\137.0.7151.70\chromedriver.exe
31494 [TestNG-tests-1] INFO  util.ResourceLoader -- reading resources from location: test-data/flightreservation/passenger-4.json
31496 [TestNG-tests-1] ERROR util.JsonUtil -- unable to read test data file test-data/flightreservation/passenger-4.json
java.nio.file.NoSuchFileException: test-data\flightreservation\passenger-4.json
	at java.base/sun.nio.fs.WindowsException.translateToIOException(WindowsException.java:85)
	at java.base/sun.nio.fs.WindowsException.rethrowAsIOException(WindowsException.java:103)
	at java.base/sun.nio.fs.WindowsException.rethrowAsIOException(WindowsException.java:108)
	at java.base/sun.nio.fs.WindowsFileSystemProvider.newByteChannel(WindowsFileSystemProvider.java:234)
	at java.base/java.nio.file.Files.newByteChannel(Files.java:380)
	at java.base/java.nio.file.Files.newByteChannel(Files.java:432)
	at java.base/java.nio.file.spi.FileSystemProvider.newInputStream(FileSystemProvider.java:420)
	at java.base/java.nio.file.Files.newInputStream(Files.java:160)
	at util.ResourceLoader.getresources(ResourceLoader.java:21)
	at util.JsonUtil.getTestdata(JsonUtil.java:18)
	at tests.FlightReservationtest.FlightReservationTest.Setparameter(FlightReservationTest.java:23)
	at java.base/jdk.internal.reflect.DirectMethodHandleAccessor.invoke(DirectMethodHandleAccessor.java:103)
	at java.base/java.lang.reflect.Method.invoke(Method.java:580)
	at org.testng.internal.invokers.MethodInvocationHelper.invokeMethod(MethodInvocationHelper.java:141)
	at org.testng.internal.invokers.MethodInvocationHelper.invokeMethodConsideringTimeout(MethodInvocationHelper.java:71)
	at org.testng.internal.invokers.ConfigInvoker.invokeConfigurationMethod(ConfigInvoker.java:400)
	at org.testng.internal.invokers.ConfigInvoker.invokeConfigurations(ConfigInvoker.java:333)
	at org.testng.TestRunner.invokeTestConfigurations(TestRunner.java:655)
	at org.testng.TestRunner.beforeRun(TestRunner.java:644)
	at org.testng.TestRunner.run(TestRunner.java:610)
	at org.testng.SuiteRunner.runTest(SuiteRunner.java:421)
	at org.testng.SuiteRunner$SuiteWorker.run(SuiteRunner.java:463)
	at org.testng.internal.thread.ThreadUtil.lambda$execute$0(ThreadUtil.java:64)
	at java.base/java.util.concurrent.FutureTask.run$$$capture(FutureTask.java:317)
	at java.base/java.util.concurrent.FutureTask.run(FutureTask.java)
	at java.base/java.util.concurrent.ThreadPoolExecutor.runWorker(ThreadPoolExecutor.java:1144)
	at java.base/java.util.concurrent.ThreadPoolExecutor$Worker.run(ThreadPoolExecutor.java:642)
	at java.base/java.lang.Thread.run(Thread.java:1575)
918  [main] INFO  org.testng.internal.Utils -- [TestNG] Running:
  C:\Users\Aisha.Saif\Documents\cucumber projects (1)\selenium project\untitled\src\main\resources\test-suites\FlightReservationTest.xml

2547 [TestNG-tests-4] INFO  i.g.bonigarcia.wdm.WebDriverManager -- Using chromedriver 137.0.7151.70 (resolved driver for Chrome 137)
2548 [TestNG-tests-2] INFO  i.g.bonigarcia.wdm.WebDriverManager -- Using chromedriver 137.0.7151.70 (resolved driver for Chrome 137)
2548 [TestNG-tests-3] INFO  i.g.bonigarcia.wdm.WebDriverManager -- Using chromedriver 137.0.7151.70 (resolved driver for Chrome 137)
2552 [TestNG-tests-1] INFO  i.g.bonigarcia.wdm.WebDriverManager -- Using chromedriver 137.0.7151.70 (resolved driver for Chrome 137)
2586 [TestNG-tests-4] INFO  i.g.bonigarcia.wdm.WebDriverManager -- Exporting webdriver.chrome.driver as C:\Users\Aisha.Saif\.cache\selenium\chromedriver\win64\137.0.7151.70\chromedriver.exe
2586 [TestNG-tests-1] INFO  i.g.bonigarcia.wdm.WebDriverManager -- Exporting webdriver.chrome.driver as C:\Users\Aisha.Saif\.cache\selenium\chromedriver\win64\137.0.7151.70\chromedriver.exe
2589 [TestNG-tests-2] INFO  i.g.bonigarcia.wdm.WebDriverManager -- Exporting webdriver.chrome.driver as C:\Users\Aisha.Saif\.cache\selenium\chromedriver\win64\137.0.7151.70\chromedriver.exe
2589 [TestNG-tests-3] INFO  i.g.bonigarcia.wdm.WebDriverManager -- Exporting webdriver.chrome.driver as C:\Users\Aisha.Saif\.cache\selenium\chromedriver\win64\137.0.7151.70\chromedriver.exe
6424 [TestNG-tests-2] INFO  util.ResourceLoader -- reading resources from location: test-data/flightreservation/passenger-2.json
6424 [TestNG-tests-3] INFO  util.ResourceLoader -- reading resources from location: test-data/flightreservation/passenger-3.json
6424 [TestNG-tests-1] INFO  util.ResourceLoader -- reading resources from location: test-data/flightreservation/passenger-1.json
6424 [TestNG-tests-4] INFO  util.ResourceLoader -- reading resources from location: test-data/flightreservation/passenger-4.json
6428 [TestNG-tests-4] ERROR util.JsonUtil -- unable to read test data file test-data/flightreservation/passenger-4.json
java.nio.file.NoSuchFileException: test-data\flightreservation\passenger-4.json
	at java.base/sun.nio.fs.WindowsException.translateToIOException(WindowsException.java:85)
	at java.base/sun.nio.fs.WindowsException.rethrowAsIOException(WindowsException.java:103)
	at java.base/sun.nio.fs.WindowsException.rethrowAsIOException(WindowsException.java:108)
	at java.base/sun.nio.fs.WindowsFileSystemProvider.newByteChannel(WindowsFileSystemProvider.java:234)
	at java.base/java.nio.file.Files.newByteChannel(Files.java:380)
	at java.base/java.nio.file.Files.newByteChannel(Files.java:432)
	at java.base/java.nio.file.spi.FileSystemProvider.newInputStream(FileSystemProvider.java:420)
	at java.base/java.nio.file.Files.newInputStream(Files.java:160)
	at util.ResourceLoader.getresources(ResourceLoader.java:21)
	at util.JsonUtil.getTestdata(JsonUtil.java:18)
	at tests.FlightReservationtest.FlightReservationTest.Setparameter(FlightReservationTest.java:23)
	at java.base/jdk.internal.reflect.DirectMethodHandleAccessor.invoke(DirectMethodHandleAccessor.java:103)
	at java.base/java.lang.reflect.Method.invoke(Method.java:580)
	at org.testng.internal.invokers.MethodInvocationHelper.invokeMethod(MethodInvocationHelper.java:141)
	at org.testng.internal.invokers.MethodInvocationHelper.invokeMethodConsideringTimeout(MethodInvocationHelper.java:71)
	at org.testng.internal.invokers.ConfigInvoker.invokeConfigurationMethod(ConfigInvoker.java:400)
	at org.testng.internal.invokers.ConfigInvoker.invokeConfigurations(ConfigInvoker.java:333)
	at org.testng.TestRunner.invokeTestConfigurations(TestRunner.java:655)
	at org.testng.TestRunner.beforeRun(TestRunner.java:644)
	at org.testng.TestRunner.run(TestRunner.java:610)
	at org.testng.SuiteRunner.runTest(SuiteRunner.java:421)
	at org.testng.SuiteRunner$SuiteWorker.run(SuiteRunner.java:463)
	at org.testng.internal.thread.ThreadUtil.lambda$execute$0(ThreadUtil.java:64)
	at java.base/java.util.concurrent.FutureTask.run$$$capture(FutureTask.java:317)
	at java.base/java.util.concurrent.FutureTask.run(FutureTask.java)
	at java.base/java.util.concurrent.ThreadPoolExecutor.runWorker(ThreadPoolExecutor.java:1144)
	at java.base/java.util.concurrent.ThreadPoolExecutor$Worker.run(ThreadPoolExecutor.java:642)
	at java.base/java.lang.Thread.run(Thread.java:1575)
6428 [TestNG-tests-3] ERROR util.JsonUtil -- unable to read test data file test-data/flightreservation/passenger-3.json
java.nio.file.NoSuchFileException: test-data\flightreservation\passenger-3.json
	at java.base/sun.nio.fs.WindowsException.translateToIOException(WindowsException.java:85)
	at java.base/sun.nio.fs.WindowsException.rethrowAsIOException(WindowsException.java:103)
	at java.base/sun.nio.fs.WindowsException.rethrowAsIOException(WindowsException.java:108)
	at java.base/sun.nio.fs.WindowsFileSystemProvider.newByteChannel(WindowsFileSystemProvider.java:234)
	at java.base/java.nio.file.Files.newByteChannel(Files.java:380)
	at java.base/java.nio.file.Files.newByteChannel(Files.java:432)
	at java.base/java.nio.file.spi.FileSystemProvider.newInputStream(FileSystemProvider.java:420)
	at java.base/java.nio.file.Files.newInputStream(Files.java:160)
	at util.ResourceLoader.getresources(ResourceLoader.java:21)
	at util.JsonUtil.getTestdata(JsonUtil.java:18)
	at tests.FlightReservationtest.FlightReservationTest.Setparameter(FlightReservationTest.java:23)
	at java.base/jdk.internal.reflect.DirectMethodHandleAccessor.invoke(DirectMethodHandleAccessor.java:103)
	at java.base/java.lang.reflect.Method.invoke(Method.java:580)
	at org.testng.internal.invokers.MethodInvocationHelper.invokeMethod(MethodInvocationHelper.java:141)
	at org.testng.internal.invokers.MethodInvocationHelper.invokeMethodConsideringTimeout(MethodInvocationHelper.java:71)
	at org.testng.internal.invokers.ConfigInvoker.invokeConfigurationMethod(ConfigInvoker.java:400)
	at org.testng.internal.invokers.ConfigInvoker.invokeConfigurations(ConfigInvoker.java:333)
	at org.testng.TestRunner.invokeTestConfigurations(TestRunner.java:655)
	at org.testng.TestRunner.beforeRun(TestRunner.java:644)
	at org.testng.TestRunner.run(TestRunner.java:610)
	at org.testng.SuiteRunner.runTest(SuiteRunner.java:421)
	at org.testng.SuiteRunner$SuiteWorker.run(SuiteRunner.java:463)
	at org.testng.internal.thread.ThreadUtil.lambda$execute$0(ThreadUtil.java:64)
	at java.base/java.util.concurrent.FutureTask.run$$$capture(FutureTask.java:317)
	at java.base/java.util.concurrent.FutureTask.run(FutureTask.java)
	at java.base/java.util.concurrent.ThreadPoolExecutor.runWorker(ThreadPoolExecutor.java:1144)
	at java.base/java.util.concurrent.ThreadPoolExecutor$Worker.run(ThreadPoolExecutor.java:642)
	at java.base/java.lang.Thread.run(Thread.java:1575)
15890 [TestNG-tests-1] INFO  t.F.FlightReservationTest -- noofpassengers
16050 [TestNG-tests-2] INFO  t.F.FlightReservationTest -- noofpassengers
19403 [TestNG-tests-2] ERROR FlightReservation.AbstractPage -- this is something
21530 [TestNG-tests-1] ERROR FlightReservation.AbstractPage -- this is something
776  [main] INFO  org.testng.internal.Utils -- [TestNG] Running:
  C:\Users\Aisha.Saif\Documents\cucumber projects (1)\selenium project\untitled\src\main\resources\test-suites\Vendor-portal.xml

3063 [TestNG-tests-1] INFO  i.g.bonigarcia.wdm.WebDriverManager -- Using chromedriver 137.0.7151.70 (resolved driver for Chrome 137)
3063 [TestNG-tests-3] INFO  i.g.bonigarcia.wdm.WebDriverManager -- Using chromedriver 137.0.7151.70 (resolved driver for Chrome 137)
3063 [TestNG-tests-2] INFO  i.g.bonigarcia.wdm.WebDriverManager -- Using chromedriver 137.0.7151.70 (resolved driver for Chrome 137)
3112 [TestNG-tests-2] INFO  i.g.bonigarcia.wdm.WebDriverManager -- Exporting webdriver.chrome.driver as C:\Users\Aisha.Saif\.cache\selenium\chromedriver\win64\137.0.7151.70\chromedriver.exe
3112 [TestNG-tests-1] INFO  i.g.bonigarcia.wdm.WebDriverManager -- Exporting webdriver.chrome.driver as C:\Users\Aisha.Saif\.cache\selenium\chromedriver\win64\137.0.7151.70\chromedriver.exe
3112 [TestNG-tests-3] INFO  i.g.bonigarcia.wdm.WebDriverManager -- Exporting webdriver.chrome.driver as C:\Users\Aisha.Saif\.cache\selenium\chromedriver\win64\137.0.7151.70\chromedriver.exe
6743 [TestNG-tests-2] INFO  util.ResourceLoader -- reading resources from location: test-data/Vendor-portal/mike.json
6743 [TestNG-tests-1] INFO  util.ResourceLoader -- reading resources from location: test-data/Vendor-portal/sam.json
6743 [TestNG-tests-3] INFO  util.ResourceLoader -- reading resources from location: test-data/Vendor-portal/john.json
8693 [TestNG-tests-1] INFO  tests.Abstarcttest -- sam
8736 [TestNG-tests-2] INFO  tests.Abstarcttest -- mike
8736 [TestNG-tests-3] INFO  tests.Abstarcttest -- john
11807 [TestNG-tests-3] INFO  FlightReservation.AbstractPage -- Results count: 0
11808 [TestNG-tests-1] INFO  FlightReservation.AbstractPage -- Results count: 8
12618 [TestNG-tests-2] INFO  FlightReservation.AbstractPage -- Results count: 10
1137 [main] INFO  org.testng.internal.Utils -- [TestNG] Running:
  C:\Users\Aisha.Saif\Documents\cucumber projects (1)\selenium project\untitled\src\main\resources\test-suites\Vendor-portal.xml

10864 [TestNG-tests-3] INFO  util.ResourceLoader -- reading resources from location: test-data/Vendor-portal/john.json
10864 [TestNG-tests-1] INFO  util.ResourceLoader -- reading resources from location: test-data/Vendor-portal/sam.json
10864 [TestNG-tests-2] INFO  util.ResourceLoader -- reading resources from location: test-data/Vendor-portal/mike.json
14410 [TestNG-tests-1] INFO  tests.Abstarcttest -- sam
14417 [TestNG-tests-2] INFO  tests.Abstarcttest -- mike
14601 [TestNG-tests-3] INFO  tests.Abstarcttest -- john
19547 [TestNG-tests-1] INFO  FlightReservation.AbstractPage -- Results count: 8
19549 [TestNG-tests-3] INFO  FlightReservation.AbstractPage -- Results count: 0
20270 [TestNG-tests-2] INFO  FlightReservation.AbstractPage -- Results count: 10
1874 [main] INFO  org.testng.internal.Utils -- [TestNG] Running:
  C:\Users\Aisha.Saif\Documents\cucumber projects (1)\selenium project\untitled\src\main\resources\test-suites\FlightReservationTest.xml

8009 [TestNG-tests-4] INFO  util.ResourceLoader -- reading resources from location: test-data/flightreservation/passenger-4.json
8009 [TestNG-tests-3] INFO  util.ResourceLoader -- reading resources from location: test-data/flightreservation/passenger-3.json
8009 [TestNG-tests-1] INFO  util.ResourceLoader -- reading resources from location: test-data/flightreservation/passenger-1.json
8009 [TestNG-tests-2] INFO  util.ResourceLoader -- reading resources from location: test-data/flightreservation/passenger-2.json
8013 [TestNG-tests-3] ERROR util.JsonUtil -- unable to read test data file test-data/flightreservation/passenger-3.json
java.nio.file.NoSuchFileException: test-data\flightreservation\passenger-3.json
	at java.base/sun.nio.fs.WindowsException.translateToIOException(WindowsException.java:85)
	at java.base/sun.nio.fs.WindowsException.rethrowAsIOException(WindowsException.java:103)
	at java.base/sun.nio.fs.WindowsException.rethrowAsIOException(WindowsException.java:108)
	at java.base/sun.nio.fs.WindowsFileSystemProvider.newByteChannel(WindowsFileSystemProvider.java:234)
	at java.base/java.nio.file.Files.newByteChannel(Files.java:380)
	at java.base/java.nio.file.Files.newByteChannel(Files.java:432)
	at java.base/java.nio.file.spi.FileSystemProvider.newInputStream(FileSystemProvider.java:420)
	at java.base/java.nio.file.Files.newInputStream(Files.java:160)
	at util.ResourceLoader.getresources(ResourceLoader.java:21)
	at util.JsonUtil.getTestdata(JsonUtil.java:18)
	at tests.FlightReservationtest.FlightReservationTest.Setparameter(FlightReservationTest.java:23)
	at java.base/jdk.internal.reflect.DirectMethodHandleAccessor.invoke(DirectMethodHandleAccessor.java:103)
	at java.base/java.lang.reflect.Method.invoke(Method.java:580)
	at org.testng.internal.invokers.MethodInvocationHelper.invokeMethod(MethodInvocationHelper.java:141)
	at org.testng.internal.invokers.MethodInvocationHelper.invokeMethodConsideringTimeout(MethodInvocationHelper.java:71)
	at org.testng.internal.invokers.ConfigInvoker.invokeConfigurationMethod(ConfigInvoker.java:400)
	at org.testng.internal.invokers.ConfigInvoker.invokeConfigurations(ConfigInvoker.java:333)
	at org.testng.TestRunner.invokeTestConfigurations(TestRunner.java:655)
	at org.testng.TestRunner.beforeRun(TestRunner.java:644)
	at org.testng.TestRunner.run(TestRunner.java:610)
	at org.testng.SuiteRunner.runTest(SuiteRunner.java:421)
	at org.testng.SuiteRunner$SuiteWorker.run(SuiteRunner.java:463)
	at org.testng.internal.thread.ThreadUtil.lambda$execute$0(ThreadUtil.java:64)
	at java.base/java.util.concurrent.FutureTask.run$$$capture(FutureTask.java:317)
	at java.base/java.util.concurrent.FutureTask.run(FutureTask.java)
	at java.base/java.util.concurrent.ThreadPoolExecutor.runWorker(ThreadPoolExecutor.java:1144)
	at java.base/java.util.concurrent.ThreadPoolExecutor$Worker.run(ThreadPoolExecutor.java:642)
	at java.base/java.lang.Thread.run(Thread.java:1575)
8013 [TestNG-tests-4] ERROR util.JsonUtil -- unable to read test data file test-data/flightreservation/passenger-4.json
java.nio.file.NoSuchFileException: test-data\flightreservation\passenger-4.json
	at java.base/sun.nio.fs.WindowsException.translateToIOException(WindowsException.java:85)
	at java.base/sun.nio.fs.WindowsException.rethrowAsIOException(WindowsException.java:103)
	at java.base/sun.nio.fs.WindowsException.rethrowAsIOException(WindowsException.java:108)
	at java.base/sun.nio.fs.WindowsFileSystemProvider.newByteChannel(WindowsFileSystemProvider.java:234)
	at java.base/java.nio.file.Files.newByteChannel(Files.java:380)
	at java.base/java.nio.file.Files.newByteChannel(Files.java:432)
	at java.base/java.nio.file.spi.FileSystemProvider.newInputStream(FileSystemProvider.java:420)
	at java.base/java.nio.file.Files.newInputStream(Files.java:160)
	at util.ResourceLoader.getresources(ResourceLoader.java:21)
	at util.JsonUtil.getTestdata(JsonUtil.java:18)
	at tests.FlightReservationtest.FlightReservationTest.Setparameter(FlightReservationTest.java:23)
	at java.base/jdk.internal.reflect.DirectMethodHandleAccessor.invoke(DirectMethodHandleAccessor.java:103)
	at java.base/java.lang.reflect.Method.invoke(Method.java:580)
	at org.testng.internal.invokers.MethodInvocationHelper.invokeMethod(MethodInvocationHelper.java:141)
	at org.testng.internal.invokers.MethodInvocationHelper.invokeMethodConsideringTimeout(MethodInvocationHelper.java:71)
	at org.testng.internal.invokers.ConfigInvoker.invokeConfigurationMethod(ConfigInvoker.java:400)
	at org.testng.internal.invokers.ConfigInvoker.invokeConfigurations(ConfigInvoker.java:333)
	at org.testng.TestRunner.invokeTestConfigurations(TestRunner.java:655)
	at org.testng.TestRunner.beforeRun(TestRunner.java:644)
	at org.testng.TestRunner.run(TestRunner.java:610)
	at org.testng.SuiteRunner.runTest(SuiteRunner.java:421)
	at org.testng.SuiteRunner$SuiteWorker.run(SuiteRunner.java:463)
	at org.testng.internal.thread.ThreadUtil.lambda$execute$0(ThreadUtil.java:64)
	at java.base/java.util.concurrent.FutureTask.run$$$capture(FutureTask.java:317)
	at java.base/java.util.concurrent.FutureTask.run(FutureTask.java)
	at java.base/java.util.concurrent.ThreadPoolExecutor.runWorker(ThreadPoolExecutor.java:1144)
	at java.base/java.util.concurrent.ThreadPoolExecutor$Worker.run(ThreadPoolExecutor.java:642)
	at java.base/java.lang.Thread.run(Thread.java:1575)
15298 [TestNG-tests-1] INFO  t.F.FlightReservationTest -- noofpassengers
16830 [TestNG-tests-2] INFO  t.F.FlightReservationTest -- noofpassengers
19476 [TestNG-tests-1] ERROR FlightReservation.AbstractPage -- this is something
20296 [TestNG-tests-2] ERROR FlightReservation.AbstractPage -- this is something
766  [main] INFO  org.testng.internal.Utils -- [TestNG] Running:
  C:\Users\Aisha.Saif\Documents\cucumber projects (1)\selenium project\untitled\src\main\resources\test-suites\Vendor-portal.xml

767  [main] INFO  org.testng.internal.Utils -- [TestNG] Running:
  C:\Users\Aisha.Saif\Documents\cucumber projects (1)\selenium project\untitled\src\main\resources\test-suites\Vendor-portal.xml

782  [main] INFO  org.testng.internal.Utils -- [TestNG] Running:
  C:\Users\Aisha.Saif\Documents\cucumber projects (1)\selenium project\untitled\src\main\resources\test-suites\Vendor-portal.xml

4340 [TestNG-tests-1] INFO  util.ResourceLoader -- reading resources from location: test-data/Vendor-portal/sam.json
6936 [TestNG-tests-1] INFO  tests.Abstarcttest -- sam
8803 [TestNG-tests-1] INFO  FlightReservation.AbstractPage -- Results count: 8
754  [main] INFO  org.testng.internal.Utils -- [TestNG] Running:
  C:\Users\Aisha.Saif\Documents\cucumber projects (1)\selenium project\untitled\src\main\resources\test-suites\Vendor-portal.xml

4057 [TestNG-tests-3] INFO  util.ResourceLoader -- reading resources from location: test-data/Vendor-portal/john.json
6749 [TestNG-tests-3] INFO  tests.Abstarcttest -- john
9288 [TestNG-tests-3] INFO  FlightReservation.AbstractPage -- Results count: 0
805  [main] INFO  org.testng.internal.Utils -- [TestNG] Running:
  C:\Users\Aisha.Saif\Documents\cucumber projects (1)\selenium project\untitled\src\main\resources\test-suites\Vendor-portal.xml

847  [TestNG-tests-1] INFO  tests.Abstarcttest -- Running with Selenium Grid: true
847  [TestNG-tests-2] INFO  tests.Abstarcttest -- Running with Selenium Grid: true
847  [TestNG-tests-3] INFO  tests.Abstarcttest -- Running with Selenium Grid: true
2516 [TestNG-tests-1] INFO  util.ResourceLoader -- reading resources from location: test-data/Vendor-portal/sam.json
5693 [TestNG-tests-1] INFO  tests.Abstarcttest -- sam
8663 [TestNG-tests-1] INFO  FlightReservation.AbstractPage -- Results count: 8
10521 [TestNG-tests-2] INFO  util.ResourceLoader -- reading resources from location: test-data/Vendor-portal/mike.json
13543 [TestNG-tests-2] INFO  tests.Abstarcttest -- mike
17441 [TestNG-tests-2] INFO  FlightReservation.AbstractPage -- Results count: 10
18155 [TestNG-tests-3] INFO  util.ResourceLoader -- reading resources from location: test-data/Vendor-portal/john.json
21114 [TestNG-tests-3] INFO  tests.Abstarcttest -- john
24386 [TestNG-tests-3] INFO  FlightReservation.AbstractPage -- Results count: 0
