<!DOCTYPE html PUBLIC "-//W3C//DTD XHTML 1.1//EN" "https://www.w3.org/TR/xhtml11/DTD/xhtml11.dtd">
<html xmlns="https://www.w3.org/1999/xhtml">
<head>
<meta http-equiv="content-type" content="text/html; charset=UTF-8"/>
<title>TestNG Report</title>
<style type="text/css">table {margin-bottom:10px;border-collapse:collapse;empty-cells:show}th,td {border:1px solid #009;padding:.25em .5em}th {vertical-align:bottom}td {vertical-align:top}table a {font-weight:bold}.stripe td {background-color: #E6EBF9}.num {text-align:right}.passedodd td {background-color: #3F3}.passedeven td {background-color: #0A0}.skippedodd td {background-color: #DDD}.skippedeven td {background-color: #CCC}.failedodd td,.attn {background-color: #F33}.failedeven td,.stripe .attn {background-color: #D00}.stacktrace {white-space:pre;font-family:monospace}.totop {font-size:85%;text-align:center;border-bottom:2px solid #000}.invisible {display:none}</style>
</head>
<body>
<table>
<tr><th>Test</th><th># Passed</th><th># Skipped</th><th># Retried</th><th># Failed</th><th>Time (ms)</th><th>Included Groups</th><th>Excluded Groups</th></tr>
<tr><th colspan="8">Vendor portal</th></tr>
<tr><td><a href="#t0">Vendor portal mike</a></td><td class="num">0</td><td class="num attn">3</td><td class="num">0</td><td class="num">0</td><td class="num">1,952</td><td></td><td></td></tr>
<tr class="stripe"><td><a href="#t1">Vendor portal sam</a></td><td class="num">0</td><td class="num attn">3</td><td class="num">0</td><td class="num">0</td><td class="num">1,952</td><td></td><td></td></tr>
<tr><td><a href="#t2">Vendor portal john</a></td><td class="num">0</td><td class="num attn">3</td><td class="num">0</td><td class="num">0</td><td class="num">1,952</td><td></td><td></td></tr>
<tr><th>Total</th><th class="num">0</th><th class="num attn">9</th><th class="num">0</th><th class="num">0</th><th class="num">5,856</th><th colspan="2"></th></tr>
</table>
<table id='summary'><thead><tr><th>Class</th><th>Method</th><th>Start</th><th>Time (ms)</th></tr></thead><tbody><tr><th colspan="4">Vendor portal</th></tr></tbody><tbody id="t0"><tr><th colspan="4">Vendor portal mike &#8212; failed (configuration methods)</th></tr><tr class="failedeven"><td rowspan="1">tests.Vendorportaltest.Vendorportaltest</td><td><a href="#m0">setDriver</a></td><td rowspan="1">1752490052267</td><td rowspan="1">1900</td></tr><tr><th colspan="4">Vendor portal mike &#8212; skipped (configuration methods)</th></tr><tr class="skippedeven"><td rowspan="3">tests.Vendorportaltest.Vendorportaltest</td><td><a href="#m1">quitdriver</a></td><td rowspan="1">1752490054211</td><td rowspan="1">0</td></tr><tr class="skippedeven"><td><a href="#m2">setpageobjects</a></td><td rowspan="1">1752490054170</td><td rowspan="1">0</td></tr><tr class="skippedeven"><td><a href="#m3">sleep</a></td><td rowspan="1">1752490054205</td><td rowspan="1">0</td></tr><tr><th colspan="4">Vendor portal mike &#8212; skipped</th></tr><tr class="skippedeven"><td rowspan="3">tests.Vendorportaltest.Vendorportaltest</td><td><a href="#m4">dashboardtest</a></td><td rowspan="1">1752490054209</td><td rowspan="1">1</td></tr><tr class="skippedeven"><td><a href="#m5">loginTest</a></td><td rowspan="1">1752490054203</td><td rowspan="1">0</td></tr><tr class="skippedeven"><td><a href="#m6">logouttest</a></td><td rowspan="1">1752490054210</td><td rowspan="1">0</td></tr></tbody>
<tbody id="t1"><tr><th colspan="4">Vendor portal sam &#8212; failed (configuration methods)</th></tr><tr class="failedeven"><td rowspan="1">tests.Vendorportaltest.Vendorportaltest</td><td><a href="#m7">setDriver</a></td><td rowspan="1">1752490052267</td><td rowspan="1">1900</td></tr><tr><th colspan="4">Vendor portal sam &#8212; skipped (configuration methods)</th></tr><tr class="skippedeven"><td rowspan="3">tests.Vendorportaltest.Vendorportaltest</td><td><a href="#m8">quitdriver</a></td><td rowspan="1">1752490054211</td><td rowspan="1">0</td></tr><tr class="skippedeven"><td><a href="#m9">setpageobjects</a></td><td rowspan="1">1752490054170</td><td rowspan="1">0</td></tr><tr class="skippedeven"><td><a href="#m10">sleep</a></td><td rowspan="1">1752490054205</td><td rowspan="1">0</td></tr><tr><th colspan="4">Vendor portal sam &#8212; skipped</th></tr><tr class="skippedeven"><td rowspan="3">tests.Vendorportaltest.Vendorportaltest</td><td><a href="#m11">dashboardtest</a></td><td rowspan="1">1752490054209</td><td rowspan="1">1</td></tr><tr class="skippedeven"><td><a href="#m12">loginTest</a></td><td rowspan="1">1752490054203</td><td rowspan="1">0</td></tr><tr class="skippedeven"><td><a href="#m13">logouttest</a></td><td rowspan="1">1752490054210</td><td rowspan="1">0</td></tr></tbody>
<tbody id="t2"><tr><th colspan="4">Vendor portal john &#8212; failed (configuration methods)</th></tr><tr class="failedeven"><td rowspan="1">tests.Vendorportaltest.Vendorportaltest</td><td><a href="#m14">setDriver</a></td><td rowspan="1">1752490052267</td><td rowspan="1">1900</td></tr><tr><th colspan="4">Vendor portal john &#8212; skipped (configuration methods)</th></tr><tr class="skippedeven"><td rowspan="3">tests.Vendorportaltest.Vendorportaltest</td><td><a href="#m15">quitdriver</a></td><td rowspan="1">1752490054211</td><td rowspan="1">0</td></tr><tr class="skippedeven"><td><a href="#m16">setpageobjects</a></td><td rowspan="1">1752490054170</td><td rowspan="1">0</td></tr><tr class="skippedeven"><td><a href="#m17">sleep</a></td><td rowspan="1">1752490054205</td><td rowspan="1">0</td></tr><tr><th colspan="4">Vendor portal john &#8212; skipped</th></tr><tr class="skippedeven"><td rowspan="3">tests.Vendorportaltest.Vendorportaltest</td><td><a href="#m18">dashboardtest</a></td><td rowspan="1">1752490054209</td><td rowspan="1">0</td></tr><tr class="skippedeven"><td><a href="#m19">loginTest</a></td><td rowspan="1">1752490054203</td><td rowspan="1">0</td></tr><tr class="skippedeven"><td><a href="#m20">logouttest</a></td><td rowspan="1">1752490054210</td><td rowspan="1">0</td></tr></tbody>
</table>
<h2>Vendor portal mike</h2><h3 id="m0">tests.Vendorportaltest.Vendorportaltest#setDriver</h3><table class="result"><tr class="param"><th>Parameter #1</th></tr><tr class="param stripe"><td>org.testng.TestRunner@7085c47f</td></tr><tr><th>Exception</th></tr><tr><td><div class="stacktrace">org.openqa.selenium.SessionNotCreatedException: Could not start a new session. Possible causes are invalid address of the remote server or browser start-up failure. 
Host info: host: &apos;1c80277f33fb&apos;, ip: &apos;172.18.0.5&apos;
Build info: version: &apos;4.33.0&apos;, revision: &apos;2c6aaad03a&apos;
System info: os.name: &apos;Linux&apos;, os.arch: &apos;amd64&apos;, os.version: &apos;6.6.87.1-microsoft-standard-WSL2&apos;, java.version: &apos;22.0.2&apos;
Driver info: org.openqa.selenium.chrome.ChromeDriver
Command: [null, newSession {capabilities=[Capabilities {browserName: chrome, goog:chromeOptions: {args: [], extensions: []}}]}]
	at org.openqa.selenium.remote.RemoteWebDriver.execute(RemoteWebDriver.java:562)
	at org.openqa.selenium.remote.RemoteWebDriver.startSession(RemoteWebDriver.java:244)
	at org.openqa.selenium.remote.RemoteWebDriver.&lt;init&gt;(RemoteWebDriver.java:173)
	at org.openqa.selenium.chromium.ChromiumDriver.&lt;init&gt;(ChromiumDriver.java:110)
	at org.openqa.selenium.chrome.ChromeDriver.&lt;init&gt;(ChromeDriver.java:88)
	at org.openqa.selenium.chrome.ChromeDriver.&lt;init&gt;(ChromeDriver.java:83)
	at org.openqa.selenium.chrome.ChromeDriver.&lt;init&gt;(ChromeDriver.java:51)
	at tests.Abstarcttest.getLocalDriver(Abstarcttest.java:50)
	at tests.Abstarcttest.setDriver(Abstarcttest.java:35)
	at java.base/java.util.concurrent.FutureTask.run(FutureTask.java:317)
	at java.base/java.util.concurrent.ThreadPoolExecutor.runWorker(ThreadPoolExecutor.java:1144)
	at java.base/java.util.concurrent.ThreadPoolExecutor$Worker.run(ThreadPoolExecutor.java:642)
	at java.base/java.lang.Thread.run(Thread.java:1570)
Caused by: java.io.UncheckedIOException: java.io.IOException: Cannot run program &quot;/root/.cache/selenium/chromedriver/linux64/138.0.7204.94/chromedriver&quot;: error=2, No such file or directory
	at org.openqa.selenium.os.ExternalProcess$Builder.start(ExternalProcess.java:195)
	at org.openqa.selenium.remote.service.DriverService.start(DriverService.java:208)
	at org.openqa.selenium.remote.service.DriverCommandExecutor.execute(DriverCommandExecutor.java:117)
	at org.openqa.selenium.remote.RemoteWebDriver.execute(RemoteWebDriver.java:544)
	... 24 more
Caused by: java.io.IOException: Cannot run program &quot;/root/.cache/selenium/chromedriver/linux64/138.0.7204.94/chromedriver&quot;: error=2, No such file or directory
	at java.base/java.lang.ProcessBuilder.start(ProcessBuilder.java:1170)
	at java.base/java.lang.ProcessBuilder.start(ProcessBuilder.java:1089)
	at org.openqa.selenium.os.ExternalProcess$Builder.start(ExternalProcess.java:193)
	... 27 more
Caused by: java.io.IOException: error=2, No such file or directory
	at java.base/java.lang.ProcessImpl.forkAndExec(Native Method)
	at java.base/java.lang.ProcessImpl.&lt;init&gt;(ProcessImpl.java:295)
	at java.base/java.lang.ProcessImpl.start(ProcessImpl.java:225)
	at java.base/java.lang.ProcessBuilder.start(ProcessBuilder.java:1126)
	... 29 more
... Removed 12 stack frames</div></td></tr></table><p class="totop"><a href="#summary">back to summary</a></p>
<h3 id="m1">tests.Vendorportaltest.Vendorportaltest#quitdriver</h3><table class="result"><tr><th class="invisible"/></tr></table><p class="totop"><a href="#summary">back to summary</a></p>
<h3 id="m2">tests.Vendorportaltest.Vendorportaltest#setpageobjects</h3><table class="result"><tr><th class="invisible"/></tr></table><p class="totop"><a href="#summary">back to summary</a></p>
<h3 id="m3">tests.Vendorportaltest.Vendorportaltest#sleep</h3><table class="result"><tr><th class="invisible"/></tr></table><p class="totop"><a href="#summary">back to summary</a></p>
<h3 id="m4">tests.Vendorportaltest.Vendorportaltest#dashboardtest</h3><table class="result"><tr><th>Exception</th></tr><tr><td><div class="stacktrace">java.lang.Throwable: Method tests.Vendorportaltest.Vendorportaltest.dashboardtest() on instance tests.Vendorportaltest.Vendorportaltest@732c2a62 depends on not successfully finished methods 
[tests.Vendorportaltest.Vendorportaltest.loginTest() on instance tests.Vendorportaltest.Vendorportaltest@732c2a62]
	at java.base/java.util.ArrayList.forEach(ArrayList.java:1597)
	at java.base/java.util.concurrent.FutureTask.run(FutureTask.java:317)
	at java.base/java.util.concurrent.ThreadPoolExecutor.runWorker(ThreadPoolExecutor.java:1144)
	at java.base/java.util.concurrent.ThreadPoolExecutor$Worker.run(ThreadPoolExecutor.java:642)
	at java.base/java.lang.Thread.run(Thread.java:1570)
... Removed 8 stack frames</div></td></tr></table><p class="totop"><a href="#summary">back to summary</a></p>
<h3 id="m5">tests.Vendorportaltest.Vendorportaltest#loginTest</h3><table class="result"><tr><th>Exception</th></tr><tr><td><div class="stacktrace">org.openqa.selenium.SessionNotCreatedException: Could not start a new session. Possible causes are invalid address of the remote server or browser start-up failure. 
Host info: host: &apos;1c80277f33fb&apos;, ip: &apos;172.18.0.5&apos;
Build info: version: &apos;4.33.0&apos;, revision: &apos;2c6aaad03a&apos;
System info: os.name: &apos;Linux&apos;, os.arch: &apos;amd64&apos;, os.version: &apos;6.6.87.1-microsoft-standard-WSL2&apos;, java.version: &apos;22.0.2&apos;
Driver info: org.openqa.selenium.chrome.ChromeDriver
Command: [null, newSession {capabilities=[Capabilities {browserName: chrome, goog:chromeOptions: {args: [], extensions: []}}]}]
	at org.openqa.selenium.remote.RemoteWebDriver.execute(RemoteWebDriver.java:562)
	at org.openqa.selenium.remote.RemoteWebDriver.startSession(RemoteWebDriver.java:244)
	at org.openqa.selenium.remote.RemoteWebDriver.&lt;init&gt;(RemoteWebDriver.java:173)
	at org.openqa.selenium.chromium.ChromiumDriver.&lt;init&gt;(ChromiumDriver.java:110)
	at org.openqa.selenium.chrome.ChromeDriver.&lt;init&gt;(ChromeDriver.java:88)
	at org.openqa.selenium.chrome.ChromeDriver.&lt;init&gt;(ChromeDriver.java:83)
	at org.openqa.selenium.chrome.ChromeDriver.&lt;init&gt;(ChromeDriver.java:51)
	at tests.Abstarcttest.getLocalDriver(Abstarcttest.java:50)
	at tests.Abstarcttest.setDriver(Abstarcttest.java:35)
	at java.base/java.util.concurrent.FutureTask.run(FutureTask.java:317)
	at java.base/java.util.concurrent.ThreadPoolExecutor.runWorker(ThreadPoolExecutor.java:1144)
	at java.base/java.util.concurrent.ThreadPoolExecutor$Worker.run(ThreadPoolExecutor.java:642)
	at java.base/java.lang.Thread.run(Thread.java:1570)
Caused by: java.io.UncheckedIOException: java.io.IOException: Cannot run program &quot;/root/.cache/selenium/chromedriver/linux64/138.0.7204.94/chromedriver&quot;: error=2, No such file or directory
	at org.openqa.selenium.os.ExternalProcess$Builder.start(ExternalProcess.java:195)
	at org.openqa.selenium.remote.service.DriverService.start(DriverService.java:208)
	at org.openqa.selenium.remote.service.DriverCommandExecutor.execute(DriverCommandExecutor.java:117)
	at org.openqa.selenium.remote.RemoteWebDriver.execute(RemoteWebDriver.java:544)
	... 24 more
Caused by: java.io.IOException: Cannot run program &quot;/root/.cache/selenium/chromedriver/linux64/138.0.7204.94/chromedriver&quot;: error=2, No such file or directory
	at java.base/java.lang.ProcessBuilder.start(ProcessBuilder.java:1170)
	at java.base/java.lang.ProcessBuilder.start(ProcessBuilder.java:1089)
	at org.openqa.selenium.os.ExternalProcess$Builder.start(ExternalProcess.java:193)
	... 27 more
Caused by: java.io.IOException: error=2, No such file or directory
	at java.base/java.lang.ProcessImpl.forkAndExec(Native Method)
	at java.base/java.lang.ProcessImpl.&lt;init&gt;(ProcessImpl.java:295)
	at java.base/java.lang.ProcessImpl.start(ProcessImpl.java:225)
	at java.base/java.lang.ProcessBuilder.start(ProcessBuilder.java:1126)
	... 29 more
... Removed 12 stack frames</div></td></tr></table><p class="totop"><a href="#summary">back to summary</a></p>
<h3 id="m6">tests.Vendorportaltest.Vendorportaltest#logouttest</h3><table class="result"><tr><th>Exception</th></tr><tr><td><div class="stacktrace">java.lang.Throwable: Method tests.Vendorportaltest.Vendorportaltest.logouttest() on instance tests.Vendorportaltest.Vendorportaltest@732c2a62 depends on not successfully finished methods 
[tests.Vendorportaltest.Vendorportaltest.dashboardtest() on instance tests.Vendorportaltest.Vendorportaltest@732c2a62]
	at java.base/java.util.ArrayList.forEach(ArrayList.java:1597)
	at java.base/java.util.concurrent.FutureTask.run(FutureTask.java:317)
	at java.base/java.util.concurrent.ThreadPoolExecutor.runWorker(ThreadPoolExecutor.java:1144)
	at java.base/java.util.concurrent.ThreadPoolExecutor$Worker.run(ThreadPoolExecutor.java:642)
	at java.base/java.lang.Thread.run(Thread.java:1570)
... Removed 8 stack frames</div></td></tr></table><p class="totop"><a href="#summary">back to summary</a></p>
<h2>Vendor portal sam</h2><h3 id="m7">tests.Vendorportaltest.Vendorportaltest#setDriver</h3><table class="result"><tr class="param"><th>Parameter #1</th></tr><tr class="param stripe"><td>org.testng.TestRunner@40ddc1cc</td></tr><tr><th>Exception</th></tr><tr><td><div class="stacktrace">org.openqa.selenium.SessionNotCreatedException: Could not start a new session. Possible causes are invalid address of the remote server or browser start-up failure. 
Host info: host: &apos;1c80277f33fb&apos;, ip: &apos;172.18.0.5&apos;
Build info: version: &apos;4.33.0&apos;, revision: &apos;2c6aaad03a&apos;
System info: os.name: &apos;Linux&apos;, os.arch: &apos;amd64&apos;, os.version: &apos;6.6.87.1-microsoft-standard-WSL2&apos;, java.version: &apos;22.0.2&apos;
Driver info: org.openqa.selenium.chrome.ChromeDriver
Command: [null, newSession {capabilities=[Capabilities {browserName: chrome, goog:chromeOptions: {args: [], extensions: []}}]}]
	at org.openqa.selenium.remote.RemoteWebDriver.execute(RemoteWebDriver.java:562)
	at org.openqa.selenium.remote.RemoteWebDriver.startSession(RemoteWebDriver.java:244)
	at org.openqa.selenium.remote.RemoteWebDriver.&lt;init&gt;(RemoteWebDriver.java:173)
	at org.openqa.selenium.chromium.ChromiumDriver.&lt;init&gt;(ChromiumDriver.java:110)
	at org.openqa.selenium.chrome.ChromeDriver.&lt;init&gt;(ChromeDriver.java:88)
	at org.openqa.selenium.chrome.ChromeDriver.&lt;init&gt;(ChromeDriver.java:83)
	at org.openqa.selenium.chrome.ChromeDriver.&lt;init&gt;(ChromeDriver.java:51)
	at tests.Abstarcttest.getLocalDriver(Abstarcttest.java:50)
	at tests.Abstarcttest.setDriver(Abstarcttest.java:35)
	at java.base/java.util.concurrent.FutureTask.run(FutureTask.java:317)
	at java.base/java.util.concurrent.ThreadPoolExecutor.runWorker(ThreadPoolExecutor.java:1144)
	at java.base/java.util.concurrent.ThreadPoolExecutor$Worker.run(ThreadPoolExecutor.java:642)
	at java.base/java.lang.Thread.run(Thread.java:1570)
Caused by: java.io.UncheckedIOException: java.io.IOException: Cannot run program &quot;/root/.cache/selenium/chromedriver/linux64/138.0.7204.94/chromedriver&quot;: error=2, No such file or directory
	at org.openqa.selenium.os.ExternalProcess$Builder.start(ExternalProcess.java:195)
	at org.openqa.selenium.remote.service.DriverService.start(DriverService.java:208)
	at org.openqa.selenium.remote.service.DriverCommandExecutor.execute(DriverCommandExecutor.java:117)
	at org.openqa.selenium.remote.RemoteWebDriver.execute(RemoteWebDriver.java:544)
	... 24 more
Caused by: java.io.IOException: Cannot run program &quot;/root/.cache/selenium/chromedriver/linux64/138.0.7204.94/chromedriver&quot;: error=2, No such file or directory
	at java.base/java.lang.ProcessBuilder.start(ProcessBuilder.java:1170)
	at java.base/java.lang.ProcessBuilder.start(ProcessBuilder.java:1089)
	at org.openqa.selenium.os.ExternalProcess$Builder.start(ExternalProcess.java:193)
	... 27 more
Caused by: java.io.IOException: error=2, No such file or directory
	at java.base/java.lang.ProcessImpl.forkAndExec(Native Method)
	at java.base/java.lang.ProcessImpl.&lt;init&gt;(ProcessImpl.java:295)
	at java.base/java.lang.ProcessImpl.start(ProcessImpl.java:225)
	at java.base/java.lang.ProcessBuilder.start(ProcessBuilder.java:1126)
	... 29 more
... Removed 12 stack frames</div></td></tr></table><p class="totop"><a href="#summary">back to summary</a></p>
<h3 id="m8">tests.Vendorportaltest.Vendorportaltest#quitdriver</h3><table class="result"><tr><th class="invisible"/></tr></table><p class="totop"><a href="#summary">back to summary</a></p>
<h3 id="m9">tests.Vendorportaltest.Vendorportaltest#setpageobjects</h3><table class="result"><tr><th class="invisible"/></tr></table><p class="totop"><a href="#summary">back to summary</a></p>
<h3 id="m10">tests.Vendorportaltest.Vendorportaltest#sleep</h3><table class="result"><tr><th class="invisible"/></tr></table><p class="totop"><a href="#summary">back to summary</a></p>
<h3 id="m11">tests.Vendorportaltest.Vendorportaltest#dashboardtest</h3><table class="result"><tr><th>Exception</th></tr><tr><td><div class="stacktrace">java.lang.Throwable: Method tests.Vendorportaltest.Vendorportaltest.dashboardtest() on instance tests.Vendorportaltest.Vendorportaltest@44a7bfbc depends on not successfully finished methods 
[tests.Vendorportaltest.Vendorportaltest.loginTest() on instance tests.Vendorportaltest.Vendorportaltest@44a7bfbc]
	at java.base/java.util.ArrayList.forEach(ArrayList.java:1597)
	at java.base/java.util.concurrent.FutureTask.run(FutureTask.java:317)
	at java.base/java.util.concurrent.ThreadPoolExecutor.runWorker(ThreadPoolExecutor.java:1144)
	at java.base/java.util.concurrent.ThreadPoolExecutor$Worker.run(ThreadPoolExecutor.java:642)
	at java.base/java.lang.Thread.run(Thread.java:1570)
... Removed 8 stack frames</div></td></tr></table><p class="totop"><a href="#summary">back to summary</a></p>
<h3 id="m12">tests.Vendorportaltest.Vendorportaltest#loginTest</h3><table class="result"><tr><th>Exception</th></tr><tr><td><div class="stacktrace">org.openqa.selenium.SessionNotCreatedException: Could not start a new session. Possible causes are invalid address of the remote server or browser start-up failure. 
Host info: host: &apos;1c80277f33fb&apos;, ip: &apos;172.18.0.5&apos;
Build info: version: &apos;4.33.0&apos;, revision: &apos;2c6aaad03a&apos;
System info: os.name: &apos;Linux&apos;, os.arch: &apos;amd64&apos;, os.version: &apos;6.6.87.1-microsoft-standard-WSL2&apos;, java.version: &apos;22.0.2&apos;
Driver info: org.openqa.selenium.chrome.ChromeDriver
Command: [null, newSession {capabilities=[Capabilities {browserName: chrome, goog:chromeOptions: {args: [], extensions: []}}]}]
	at org.openqa.selenium.remote.RemoteWebDriver.execute(RemoteWebDriver.java:562)
	at org.openqa.selenium.remote.RemoteWebDriver.startSession(RemoteWebDriver.java:244)
	at org.openqa.selenium.remote.RemoteWebDriver.&lt;init&gt;(RemoteWebDriver.java:173)
	at org.openqa.selenium.chromium.ChromiumDriver.&lt;init&gt;(ChromiumDriver.java:110)
	at org.openqa.selenium.chrome.ChromeDriver.&lt;init&gt;(ChromeDriver.java:88)
	at org.openqa.selenium.chrome.ChromeDriver.&lt;init&gt;(ChromeDriver.java:83)
	at org.openqa.selenium.chrome.ChromeDriver.&lt;init&gt;(ChromeDriver.java:51)
	at tests.Abstarcttest.getLocalDriver(Abstarcttest.java:50)
	at tests.Abstarcttest.setDriver(Abstarcttest.java:35)
	at java.base/java.util.concurrent.FutureTask.run(FutureTask.java:317)
	at java.base/java.util.concurrent.ThreadPoolExecutor.runWorker(ThreadPoolExecutor.java:1144)
	at java.base/java.util.concurrent.ThreadPoolExecutor$Worker.run(ThreadPoolExecutor.java:642)
	at java.base/java.lang.Thread.run(Thread.java:1570)
Caused by: java.io.UncheckedIOException: java.io.IOException: Cannot run program &quot;/root/.cache/selenium/chromedriver/linux64/138.0.7204.94/chromedriver&quot;: error=2, No such file or directory
	at org.openqa.selenium.os.ExternalProcess$Builder.start(ExternalProcess.java:195)
	at org.openqa.selenium.remote.service.DriverService.start(DriverService.java:208)
	at org.openqa.selenium.remote.service.DriverCommandExecutor.execute(DriverCommandExecutor.java:117)
	at org.openqa.selenium.remote.RemoteWebDriver.execute(RemoteWebDriver.java:544)
	... 24 more
Caused by: java.io.IOException: Cannot run program &quot;/root/.cache/selenium/chromedriver/linux64/138.0.7204.94/chromedriver&quot;: error=2, No such file or directory
	at java.base/java.lang.ProcessBuilder.start(ProcessBuilder.java:1170)
	at java.base/java.lang.ProcessBuilder.start(ProcessBuilder.java:1089)
	at org.openqa.selenium.os.ExternalProcess$Builder.start(ExternalProcess.java:193)
	... 27 more
Caused by: java.io.IOException: error=2, No such file or directory
	at java.base/java.lang.ProcessImpl.forkAndExec(Native Method)
	at java.base/java.lang.ProcessImpl.&lt;init&gt;(ProcessImpl.java:295)
	at java.base/java.lang.ProcessImpl.start(ProcessImpl.java:225)
	at java.base/java.lang.ProcessBuilder.start(ProcessBuilder.java:1126)
	... 29 more
... Removed 12 stack frames</div></td></tr></table><p class="totop"><a href="#summary">back to summary</a></p>
<h3 id="m13">tests.Vendorportaltest.Vendorportaltest#logouttest</h3><table class="result"><tr><th>Exception</th></tr><tr><td><div class="stacktrace">java.lang.Throwable: Method tests.Vendorportaltest.Vendorportaltest.logouttest() on instance tests.Vendorportaltest.Vendorportaltest@44a7bfbc depends on not successfully finished methods 
[tests.Vendorportaltest.Vendorportaltest.dashboardtest() on instance tests.Vendorportaltest.Vendorportaltest@44a7bfbc]
	at java.base/java.util.ArrayList.forEach(ArrayList.java:1597)
	at java.base/java.util.concurrent.FutureTask.run(FutureTask.java:317)
	at java.base/java.util.concurrent.ThreadPoolExecutor.runWorker(ThreadPoolExecutor.java:1144)
	at java.base/java.util.concurrent.ThreadPoolExecutor$Worker.run(ThreadPoolExecutor.java:642)
	at java.base/java.lang.Thread.run(Thread.java:1570)
... Removed 8 stack frames</div></td></tr></table><p class="totop"><a href="#summary">back to summary</a></p>
<h2>Vendor portal john</h2><h3 id="m14">tests.Vendorportaltest.Vendorportaltest#setDriver</h3><table class="result"><tr class="param"><th>Parameter #1</th></tr><tr class="param stripe"><td>org.testng.TestRunner@2493631d</td></tr><tr><th>Exception</th></tr><tr><td><div class="stacktrace">org.openqa.selenium.SessionNotCreatedException: Could not start a new session. Possible causes are invalid address of the remote server or browser start-up failure. 
Host info: host: &apos;1c80277f33fb&apos;, ip: &apos;172.18.0.5&apos;
Build info: version: &apos;4.33.0&apos;, revision: &apos;2c6aaad03a&apos;
System info: os.name: &apos;Linux&apos;, os.arch: &apos;amd64&apos;, os.version: &apos;6.6.87.1-microsoft-standard-WSL2&apos;, java.version: &apos;22.0.2&apos;
Driver info: org.openqa.selenium.chrome.ChromeDriver
Command: [null, newSession {capabilities=[Capabilities {browserName: chrome, goog:chromeOptions: {args: [], extensions: []}}]}]
	at org.openqa.selenium.remote.RemoteWebDriver.execute(RemoteWebDriver.java:562)
	at org.openqa.selenium.remote.RemoteWebDriver.startSession(RemoteWebDriver.java:244)
	at org.openqa.selenium.remote.RemoteWebDriver.&lt;init&gt;(RemoteWebDriver.java:173)
	at org.openqa.selenium.chromium.ChromiumDriver.&lt;init&gt;(ChromiumDriver.java:110)
	at org.openqa.selenium.chrome.ChromeDriver.&lt;init&gt;(ChromeDriver.java:88)
	at org.openqa.selenium.chrome.ChromeDriver.&lt;init&gt;(ChromeDriver.java:83)
	at org.openqa.selenium.chrome.ChromeDriver.&lt;init&gt;(ChromeDriver.java:51)
	at tests.Abstarcttest.getLocalDriver(Abstarcttest.java:50)
	at tests.Abstarcttest.setDriver(Abstarcttest.java:35)
	at java.base/java.util.concurrent.FutureTask.run(FutureTask.java:317)
	at java.base/java.util.concurrent.ThreadPoolExecutor.runWorker(ThreadPoolExecutor.java:1144)
	at java.base/java.util.concurrent.ThreadPoolExecutor$Worker.run(ThreadPoolExecutor.java:642)
	at java.base/java.lang.Thread.run(Thread.java:1570)
Caused by: java.io.UncheckedIOException: java.io.IOException: Cannot run program &quot;/root/.cache/selenium/chromedriver/linux64/138.0.7204.94/chromedriver&quot;: error=2, No such file or directory
	at org.openqa.selenium.os.ExternalProcess$Builder.start(ExternalProcess.java:195)
	at org.openqa.selenium.remote.service.DriverService.start(DriverService.java:208)
	at org.openqa.selenium.remote.service.DriverCommandExecutor.execute(DriverCommandExecutor.java:117)
	at org.openqa.selenium.remote.RemoteWebDriver.execute(RemoteWebDriver.java:544)
	... 24 more
Caused by: java.io.IOException: Cannot run program &quot;/root/.cache/selenium/chromedriver/linux64/138.0.7204.94/chromedriver&quot;: error=2, No such file or directory
	at java.base/java.lang.ProcessBuilder.start(ProcessBuilder.java:1170)
	at java.base/java.lang.ProcessBuilder.start(ProcessBuilder.java:1089)
	at org.openqa.selenium.os.ExternalProcess$Builder.start(ExternalProcess.java:193)
	... 27 more
Caused by: java.io.IOException: error=2, No such file or directory
	at java.base/java.lang.ProcessImpl.forkAndExec(Native Method)
	at java.base/java.lang.ProcessImpl.&lt;init&gt;(ProcessImpl.java:295)
	at java.base/java.lang.ProcessImpl.start(ProcessImpl.java:225)
	at java.base/java.lang.ProcessBuilder.start(ProcessBuilder.java:1126)
	... 29 more
... Removed 12 stack frames</div></td></tr></table><p class="totop"><a href="#summary">back to summary</a></p>
<h3 id="m15">tests.Vendorportaltest.Vendorportaltest#quitdriver</h3><table class="result"><tr><th class="invisible"/></tr></table><p class="totop"><a href="#summary">back to summary</a></p>
<h3 id="m16">tests.Vendorportaltest.Vendorportaltest#setpageobjects</h3><table class="result"><tr><th class="invisible"/></tr></table><p class="totop"><a href="#summary">back to summary</a></p>
<h3 id="m17">tests.Vendorportaltest.Vendorportaltest#sleep</h3><table class="result"><tr><th class="invisible"/></tr></table><p class="totop"><a href="#summary">back to summary</a></p>
<h3 id="m18">tests.Vendorportaltest.Vendorportaltest#dashboardtest</h3><table class="result"><tr><th>Exception</th></tr><tr><td><div class="stacktrace">java.lang.Throwable: Method tests.Vendorportaltest.Vendorportaltest.dashboardtest() on instance tests.Vendorportaltest.Vendorportaltest@41fecb8b depends on not successfully finished methods 
[tests.Vendorportaltest.Vendorportaltest.loginTest() on instance tests.Vendorportaltest.Vendorportaltest@41fecb8b]
	at java.base/java.util.ArrayList.forEach(ArrayList.java:1597)
	at java.base/java.util.concurrent.FutureTask.run(FutureTask.java:317)
	at java.base/java.util.concurrent.ThreadPoolExecutor.runWorker(ThreadPoolExecutor.java:1144)
	at java.base/java.util.concurrent.ThreadPoolExecutor$Worker.run(ThreadPoolExecutor.java:642)
	at java.base/java.lang.Thread.run(Thread.java:1570)
... Removed 8 stack frames</div></td></tr></table><p class="totop"><a href="#summary">back to summary</a></p>
<h3 id="m19">tests.Vendorportaltest.Vendorportaltest#loginTest</h3><table class="result"><tr><th>Exception</th></tr><tr><td><div class="stacktrace">org.openqa.selenium.SessionNotCreatedException: Could not start a new session. Possible causes are invalid address of the remote server or browser start-up failure. 
Host info: host: &apos;1c80277f33fb&apos;, ip: &apos;172.18.0.5&apos;
Build info: version: &apos;4.33.0&apos;, revision: &apos;2c6aaad03a&apos;
System info: os.name: &apos;Linux&apos;, os.arch: &apos;amd64&apos;, os.version: &apos;6.6.87.1-microsoft-standard-WSL2&apos;, java.version: &apos;22.0.2&apos;
Driver info: org.openqa.selenium.chrome.ChromeDriver
Command: [null, newSession {capabilities=[Capabilities {browserName: chrome, goog:chromeOptions: {args: [], extensions: []}}]}]
	at org.openqa.selenium.remote.RemoteWebDriver.execute(RemoteWebDriver.java:562)
	at org.openqa.selenium.remote.RemoteWebDriver.startSession(RemoteWebDriver.java:244)
	at org.openqa.selenium.remote.RemoteWebDriver.&lt;init&gt;(RemoteWebDriver.java:173)
	at org.openqa.selenium.chromium.ChromiumDriver.&lt;init&gt;(ChromiumDriver.java:110)
	at org.openqa.selenium.chrome.ChromeDriver.&lt;init&gt;(ChromeDriver.java:88)
	at org.openqa.selenium.chrome.ChromeDriver.&lt;init&gt;(ChromeDriver.java:83)
	at org.openqa.selenium.chrome.ChromeDriver.&lt;init&gt;(ChromeDriver.java:51)
	at tests.Abstarcttest.getLocalDriver(Abstarcttest.java:50)
	at tests.Abstarcttest.setDriver(Abstarcttest.java:35)
	at java.base/java.util.concurrent.FutureTask.run(FutureTask.java:317)
	at java.base/java.util.concurrent.ThreadPoolExecutor.runWorker(ThreadPoolExecutor.java:1144)
	at java.base/java.util.concurrent.ThreadPoolExecutor$Worker.run(ThreadPoolExecutor.java:642)
	at java.base/java.lang.Thread.run(Thread.java:1570)
Caused by: java.io.UncheckedIOException: java.io.IOException: Cannot run program &quot;/root/.cache/selenium/chromedriver/linux64/138.0.7204.94/chromedriver&quot;: error=2, No such file or directory
	at org.openqa.selenium.os.ExternalProcess$Builder.start(ExternalProcess.java:195)
	at org.openqa.selenium.remote.service.DriverService.start(DriverService.java:208)
	at org.openqa.selenium.remote.service.DriverCommandExecutor.execute(DriverCommandExecutor.java:117)
	at org.openqa.selenium.remote.RemoteWebDriver.execute(RemoteWebDriver.java:544)
	... 24 more
Caused by: java.io.IOException: Cannot run program &quot;/root/.cache/selenium/chromedriver/linux64/138.0.7204.94/chromedriver&quot;: error=2, No such file or directory
	at java.base/java.lang.ProcessBuilder.start(ProcessBuilder.java:1170)
	at java.base/java.lang.ProcessBuilder.start(ProcessBuilder.java:1089)
	at org.openqa.selenium.os.ExternalProcess$Builder.start(ExternalProcess.java:193)
	... 27 more
Caused by: java.io.IOException: error=2, No such file or directory
	at java.base/java.lang.ProcessImpl.forkAndExec(Native Method)
	at java.base/java.lang.ProcessImpl.&lt;init&gt;(ProcessImpl.java:295)
	at java.base/java.lang.ProcessImpl.start(ProcessImpl.java:225)
	at java.base/java.lang.ProcessBuilder.start(ProcessBuilder.java:1126)
	... 29 more
... Removed 12 stack frames</div></td></tr></table><p class="totop"><a href="#summary">back to summary</a></p>
<h3 id="m20">tests.Vendorportaltest.Vendorportaltest#logouttest</h3><table class="result"><tr><th>Exception</th></tr><tr><td><div class="stacktrace">java.lang.Throwable: Method tests.Vendorportaltest.Vendorportaltest.logouttest() on instance tests.Vendorportaltest.Vendorportaltest@41fecb8b depends on not successfully finished methods 
[tests.Vendorportaltest.Vendorportaltest.dashboardtest() on instance tests.Vendorportaltest.Vendorportaltest@41fecb8b]
	at java.base/java.util.ArrayList.forEach(ArrayList.java:1597)
	at java.base/java.util.concurrent.FutureTask.run(FutureTask.java:317)
	at java.base/java.util.concurrent.ThreadPoolExecutor.runWorker(ThreadPoolExecutor.java:1144)
	at java.base/java.util.concurrent.ThreadPoolExecutor$Worker.run(ThreadPoolExecutor.java:642)
	at java.base/java.lang.Thread.run(Thread.java:1570)
... Removed 8 stack frames</div></td></tr></table><p class="totop"><a href="#summary">back to summary</a></p>
</body>
</html>
